{"/Users/hagenschupp/Documents/Projects/CafeOrderingSystem/backend/src/index.js": {"path":"/Users/hagenschupp/Documents/Projects/CafeOrderingSystem/backend/src/index.js","statementMap":{"0":{"start":{"line":11,"column":12},"end":{"line":11,"column":21}},"1":{"start":{"line":12,"column":19},"end":{"line":12,"column":36}},"2":{"start":{"line":14,"column":0},"end":{"line":14,"column":16}},"3":{"start":{"line":15,"column":0},"end":{"line":15,"column":24}},"4":{"start":{"line":17,"column":0},"end":{"line":17,"column":37}},"5":{"start":{"line":18,"column":0},"end":{"line":18,"column":33}},"6":{"start":{"line":19,"column":0},"end":{"line":19,"column":43}},"7":{"start":{"line":20,"column":0},"end":{"line":20,"column":39}},"8":{"start":{"line":21,"column":0},"end":{"line":21,"column":43}},"9":{"start":{"line":23,"column":0},"end":{"line":25,"column":3}},"10":{"start":{"line":24,"column":2},"end":{"line":24,"column":66}},"11":{"start":{"line":27,"column":13},"end":{"line":27,"column":37}},"12":{"start":{"line":30,"column":2},"end":{"line":40,"column":3}},"13":{"start":{"line":31,"column":4},"end":{"line":31,"column":25}},"14":{"start":{"line":32,"column":4},"end":{"line":32,"column":40}},"15":{"start":{"line":34,"column":4},"end":{"line":36,"column":7}},"16":{"start":{"line":35,"column":6},"end":{"line":35,"column":52}},"17":{"start":{"line":38,"column":4},"end":{"line":38,"column":52}},"18":{"start":{"line":39,"column":4},"end":{"line":39,"column":20}},"19":{"start":{"line":43,"column":0},"end":{"line":43,"column":8}}},"fnMap":{"0":{"name":"(anonymous_0)","decl":{"start":{"line":23,"column":23},"end":{"line":23,"column":24}},"loc":{"start":{"line":23,"column":37},"end":{"line":25,"column":1}},"line":23},"1":{"name":"start","decl":{"start":{"line":29,"column":15},"end":{"line":29,"column":20}},"loc":{"start":{"line":29,"column":23},"end":{"line":41,"column":1}},"line":29},"2":{"name":"(anonymous_2)","decl":{"start":{"line":34,"column":28},"end":{"line":34,"column":29}},"loc":{"start":{"line":34,"column":34},"end":{"line":36,"column":5}},"line":34}},"branchMap":{"0":{"loc":{"start":{"line":27,"column":13},"end":{"line":27,"column":37}},"type":"binary-expr","locations":[{"start":{"line":27,"column":13},"end":{"line":27,"column":29}},{"start":{"line":27,"column":33},"end":{"line":27,"column":37}}],"line":27}},"s":{"0":0,"1":0,"2":0,"3":0,"4":0,"5":0,"6":0,"7":0,"8":0,"9":0,"10":0,"11":0,"12":0,"13":0,"14":0,"15":0,"16":0,"17":0,"18":0,"19":0},"f":{"0":0,"1":0,"2":0},"b":{"0":[0,0]},"inputSourceMap":null}
,"/Users/hagenschupp/Documents/Projects/CafeOrderingSystem/backend/src/modules/analytics/routes.js": {"path":"/Users/hagenschupp/Documents/Projects/CafeOrderingSystem/backend/src/modules/analytics/routes.js","statementMap":{"0":{"start":{"line":11,"column":15},"end":{"line":11,"column":31}},"1":{"start":{"line":13,"column":0},"end":{"line":21,"column":3}},"2":{"start":{"line":14,"column":2},"end":{"line":20,"column":3}},"3":{"start":{"line":15,"column":20},"end":{"line":15,"column":47}},"4":{"start":{"line":16,"column":4},"end":{"line":16,"column":22}},"5":{"start":{"line":18,"column":4},"end":{"line":18,"column":47}},"6":{"start":{"line":19,"column":4},"end":{"line":19,"column":51}},"7":{"start":{"line":23,"column":0},"end":{"line":35,"column":3}},"8":{"start":{"line":24,"column":2},"end":{"line":34,"column":3}},"9":{"start":{"line":25,"column":20},"end":{"line":25,"column":66}},"10":{"start":{"line":26,"column":22},"end":{"line":27,"column":67}},"11":{"start":{"line":29,"column":22},"end":{"line":29,"column":65}},"12":{"start":{"line":30,"column":4},"end":{"line":30,"column":24}},"13":{"start":{"line":32,"column":4},"end":{"line":32,"column":55}},"14":{"start":{"line":33,"column":4},"end":{"line":33,"column":51}},"15":{"start":{"line":37,"column":0},"end":{"line":50,"column":3}},"16":{"start":{"line":38,"column":2},"end":{"line":49,"column":3}},"17":{"start":{"line":39,"column":20},"end":{"line":39,"column":66}},"18":{"start":{"line":40,"column":22},"end":{"line":41,"column":67}},"19":{"start":{"line":42,"column":18},"end":{"line":42,"column":49}},"20":{"start":{"line":44,"column":18},"end":{"line":44,"column":66}},"21":{"start":{"line":45,"column":4},"end":{"line":45,"column":20}},"22":{"start":{"line":47,"column":4},"end":{"line":47,"column":53}},"23":{"start":{"line":48,"column":4},"end":{"line":48,"column":51}},"24":{"start":{"line":52,"column":0},"end":{"line":64,"column":3}},"25":{"start":{"line":53,"column":2},"end":{"line":63,"column":3}},"26":{"start":{"line":54,"column":20},"end":{"line":54,"column":66}},"27":{"start":{"line":55,"column":22},"end":{"line":56,"column":67}},"28":{"start":{"line":58,"column":22},"end":{"line":58,"column":67}},"29":{"start":{"line":59,"column":4},"end":{"line":59,"column":24}},"30":{"start":{"line":61,"column":4},"end":{"line":61,"column":57}},"31":{"start":{"line":62,"column":4},"end":{"line":62,"column":51}},"32":{"start":{"line":66,"column":0},"end":{"line":78,"column":3}},"33":{"start":{"line":67,"column":2},"end":{"line":77,"column":3}},"34":{"start":{"line":68,"column":20},"end":{"line":68,"column":66}},"35":{"start":{"line":69,"column":22},"end":{"line":70,"column":67}},"36":{"start":{"line":72,"column":25},"end":{"line":72,"column":72}},"37":{"start":{"line":73,"column":4},"end":{"line":73,"column":27}},"38":{"start":{"line":75,"column":4},"end":{"line":75,"column":59}},"39":{"start":{"line":76,"column":4},"end":{"line":76,"column":51}},"40":{"start":{"line":80,"column":0},"end":{"line":92,"column":3}},"41":{"start":{"line":81,"column":2},"end":{"line":91,"column":3}},"42":{"start":{"line":82,"column":20},"end":{"line":82,"column":66}},"43":{"start":{"line":83,"column":22},"end":{"line":84,"column":67}},"44":{"start":{"line":86,"column":22},"end":{"line":86,"column":67}},"45":{"start":{"line":87,"column":4},"end":{"line":87,"column":24}},"46":{"start":{"line":89,"column":4},"end":{"line":89,"column":57}},"47":{"start":{"line":90,"column":4},"end":{"line":90,"column":51}}},"fnMap":{"0":{"name":"(anonymous_0)","decl":{"start":{"line":13,"column":23},"end":{"line":13,"column":24}},"loc":{"start":{"line":13,"column":43},"end":{"line":21,"column":1}},"line":13},"1":{"name":"(anonymous_1)","decl":{"start":{"line":23,"column":22},"end":{"line":23,"column":23}},"loc":{"start":{"line":23,"column":42},"end":{"line":35,"column":1}},"line":23},"2":{"name":"(anonymous_2)","decl":{"start":{"line":37,"column":21},"end":{"line":37,"column":22}},"loc":{"start":{"line":37,"column":41},"end":{"line":50,"column":1}},"line":37},"3":{"name":"(anonymous_3)","decl":{"start":{"line":52,"column":23},"end":{"line":52,"column":24}},"loc":{"start":{"line":52,"column":43},"end":{"line":64,"column":1}},"line":52},"4":{"name":"(anonymous_4)","decl":{"start":{"line":66,"column":22},"end":{"line":66,"column":23}},"loc":{"start":{"line":66,"column":42},"end":{"line":78,"column":1}},"line":66},"5":{"name":"(anonymous_5)","decl":{"start":{"line":80,"column":24},"end":{"line":80,"column":25}},"loc":{"start":{"line":80,"column":44},"end":{"line":92,"column":1}},"line":80}},"branchMap":{"0":{"loc":{"start":{"line":25,"column":20},"end":{"line":25,"column":66}},"type":"binary-expr","locations":[{"start":{"line":25,"column":20},"end":{"line":25,"column":38}},{"start":{"line":25,"column":42},"end":{"line":25,"column":66}}],"line":25},"1":{"loc":{"start":{"line":26,"column":22},"end":{"line":27,"column":67}},"type":"binary-expr","locations":[{"start":{"line":26,"column":22},"end":{"line":26,"column":42}},{"start":{"line":27,"column":6},"end":{"line":27,"column":67}}],"line":26},"2":{"loc":{"start":{"line":39,"column":20},"end":{"line":39,"column":66}},"type":"binary-expr","locations":[{"start":{"line":39,"column":20},"end":{"line":39,"column":38}},{"start":{"line":39,"column":42},"end":{"line":39,"column":66}}],"line":39},"3":{"loc":{"start":{"line":40,"column":22},"end":{"line":41,"column":67}},"type":"binary-expr","locations":[{"start":{"line":40,"column":22},"end":{"line":40,"column":42}},{"start":{"line":41,"column":6},"end":{"line":41,"column":67}}],"line":40},"4":{"loc":{"start":{"line":42,"column":18},"end":{"line":42,"column":49}},"type":"binary-expr","locations":[{"start":{"line":42,"column":18},"end":{"line":42,"column":43}},{"start":{"line":42,"column":47},"end":{"line":42,"column":49}}],"line":42},"5":{"loc":{"start":{"line":54,"column":20},"end":{"line":54,"column":66}},"type":"binary-expr","locations":[{"start":{"line":54,"column":20},"end":{"line":54,"column":38}},{"start":{"line":54,"column":42},"end":{"line":54,"column":66}}],"line":54},"6":{"loc":{"start":{"line":55,"column":22},"end":{"line":56,"column":67}},"type":"binary-expr","locations":[{"start":{"line":55,"column":22},"end":{"line":55,"column":42}},{"start":{"line":56,"column":6},"end":{"line":56,"column":67}}],"line":55},"7":{"loc":{"start":{"line":68,"column":20},"end":{"line":68,"column":66}},"type":"binary-expr","locations":[{"start":{"line":68,"column":20},"end":{"line":68,"column":38}},{"start":{"line":68,"column":42},"end":{"line":68,"column":66}}],"line":68},"8":{"loc":{"start":{"line":69,"column":22},"end":{"line":70,"column":67}},"type":"binary-expr","locations":[{"start":{"line":69,"column":22},"end":{"line":69,"column":42}},{"start":{"line":70,"column":6},"end":{"line":70,"column":67}}],"line":69},"9":{"loc":{"start":{"line":82,"column":20},"end":{"line":82,"column":66}},"type":"binary-expr","locations":[{"start":{"line":82,"column":20},"end":{"line":82,"column":38}},{"start":{"line":82,"column":42},"end":{"line":82,"column":66}}],"line":82},"10":{"loc":{"start":{"line":83,"column":22},"end":{"line":84,"column":67}},"type":"binary-expr","locations":[{"start":{"line":83,"column":22},"end":{"line":83,"column":42}},{"start":{"line":84,"column":6},"end":{"line":84,"column":67}}],"line":83}},"s":{"0":0,"1":0,"2":0,"3":0,"4":0,"5":0,"6":0,"7":0,"8":0,"9":0,"10":0,"11":0,"12":0,"13":0,"14":0,"15":0,"16":0,"17":0,"18":0,"19":0,"20":0,"21":0,"22":0,"23":0,"24":0,"25":0,"26":0,"27":0,"28":0,"29":0,"30":0,"31":0,"32":0,"33":0,"34":0,"35":0,"36":0,"37":0,"38":0,"39":0,"40":0,"41":0,"42":0,"43":0,"44":0,"45":0,"46":0,"47":0},"f":{"0":0,"1":0,"2":0,"3":0,"4":0,"5":0},"b":{"0":[0,0],"1":[0,0],"2":[0,0],"3":[0,0],"4":[0,0],"5":[0,0],"6":[0,0],"7":[0,0],"8":[0,0],"9":[0,0],"10":[0,0]},"inputSourceMap":null}
,"/Users/hagenschupp/Documents/Projects/CafeOrderingSystem/backend/src/modules/analytics/service.js": {"path":"/Users/hagenschupp/Documents/Projects/CafeOrderingSystem/backend/src/modules/analytics/service.js","statementMap":{"0":{"start":{"line":4,"column":17},"end":{"line":17,"column":3}},"1":{"start":{"line":18,"column":2},"end":{"line":18,"column":21}},"2":{"start":{"line":22,"column":17},"end":{"line":39,"column":3}},"3":{"start":{"line":40,"column":2},"end":{"line":40,"column":21}},"4":{"start":{"line":44,"column":17},"end":{"line":57,"column":3}},"5":{"start":{"line":58,"column":2},"end":{"line":58,"column":21}},"6":{"start":{"line":62,"column":17},"end":{"line":71,"column":3}},"7":{"start":{"line":72,"column":2},"end":{"line":72,"column":21}},"8":{"start":{"line":76,"column":17},"end":{"line":85,"column":3}},"9":{"start":{"line":86,"column":2},"end":{"line":86,"column":21}},"10":{"start":{"line":90,"column":17},"end":{"line":99,"column":3}},"11":{"start":{"line":100,"column":2},"end":{"line":100,"column":24}}},"fnMap":{"0":{"name":"getOrderAnalytics","decl":{"start":{"line":3,"column":22},"end":{"line":3,"column":39}},"loc":{"start":{"line":3,"column":60},"end":{"line":19,"column":1}},"line":3},"1":{"name":"getPopularItems","decl":{"start":{"line":21,"column":22},"end":{"line":21,"column":37}},"loc":{"start":{"line":21,"column":70},"end":{"line":41,"column":1}},"line":21},"2":{"name":"getRevenueBreakdown","decl":{"start":{"line":43,"column":22},"end":{"line":43,"column":41}},"loc":{"start":{"line":43,"column":62},"end":{"line":59,"column":1}},"line":43},"3":{"name":"getHourlyDistribution","decl":{"start":{"line":61,"column":22},"end":{"line":61,"column":43}},"loc":{"start":{"line":61,"column":64},"end":{"line":73,"column":1}},"line":61},"4":{"name":"getChannelBreakdown","decl":{"start":{"line":75,"column":22},"end":{"line":75,"column":41}},"loc":{"start":{"line":75,"column":62},"end":{"line":87,"column":1}},"line":75},"5":{"name":"getDashboardSummary","decl":{"start":{"line":89,"column":22},"end":{"line":89,"column":41}},"loc":{"start":{"line":89,"column":44},"end":{"line":101,"column":1}},"line":89}},"branchMap":{"0":{"loc":{"start":{"line":21,"column":58},"end":{"line":21,"column":68}},"type":"default-arg","locations":[{"start":{"line":21,"column":66},"end":{"line":21,"column":68}}],"line":21}},"s":{"0":0,"1":0,"2":0,"3":0,"4":0,"5":0,"6":0,"7":0,"8":0,"9":0,"10":0,"11":0},"f":{"0":0,"1":0,"2":0,"3":0,"4":0,"5":0},"b":{"0":[0]},"inputSourceMap":null}
,"/Users/hagenschupp/Documents/Projects/CafeOrderingSystem/backend/src/modules/inventory/routes.js": {"path":"/Users/hagenschupp/Documents/Projects/CafeOrderingSystem/backend/src/modules/inventory/routes.js","statementMap":{"0":{"start":{"line":11,"column":15},"end":{"line":11,"column":31}},"1":{"start":{"line":13,"column":0},"end":{"line":21,"column":3}},"2":{"start":{"line":14,"column":2},"end":{"line":20,"column":3}},"3":{"start":{"line":15,"column":22},"end":{"line":15,"column":42}},"4":{"start":{"line":16,"column":4},"end":{"line":16,"column":24}},"5":{"start":{"line":18,"column":4},"end":{"line":18,"column":49}},"6":{"start":{"line":19,"column":4},"end":{"line":19,"column":51}},"7":{"start":{"line":23,"column":0},"end":{"line":32,"column":3}},"8":{"start":{"line":24,"column":2},"end":{"line":31,"column":3}},"9":{"start":{"line":25,"column":22},"end":{"line":25,"column":56}},"10":{"start":{"line":26,"column":18},"end":{"line":26,"column":51}},"11":{"start":{"line":27,"column":4},"end":{"line":27,"column":20}},"12":{"start":{"line":29,"column":4},"end":{"line":29,"column":49}},"13":{"start":{"line":30,"column":4},"end":{"line":30,"column":51}},"14":{"start":{"line":34,"column":0},"end":{"line":42,"column":3}},"15":{"start":{"line":35,"column":2},"end":{"line":41,"column":3}},"16":{"start":{"line":36,"column":23},"end":{"line":36,"column":53}},"17":{"start":{"line":37,"column":4},"end":{"line":37,"column":25}},"18":{"start":{"line":39,"column":4},"end":{"line":39,"column":61}},"19":{"start":{"line":40,"column":4},"end":{"line":40,"column":51}},"20":{"start":{"line":44,"column":0},"end":{"line":56,"column":3}},"21":{"start":{"line":45,"column":2},"end":{"line":55,"column":3}},"22":{"start":{"line":46,"column":28},"end":{"line":46,"column":36}},"23":{"start":{"line":47,"column":17},"end":{"line":47,"column":66}},"24":{"start":{"line":48,"column":4},"end":{"line":50,"column":5}},"25":{"start":{"line":49,"column":6},"end":{"line":49,"column":63}},"26":{"start":{"line":51,"column":4},"end":{"line":51,"column":19}},"27":{"start":{"line":53,"column":4},"end":{"line":53,"column":48}},"28":{"start":{"line":54,"column":4},"end":{"line":54,"column":51}},"29":{"start":{"line":58,"column":0},"end":{"line":70,"column":3}},"30":{"start":{"line":59,"column":2},"end":{"line":69,"column":3}},"31":{"start":{"line":60,"column":27},"end":{"line":60,"column":35}},"32":{"start":{"line":61,"column":17},"end":{"line":61,"column":65}},"33":{"start":{"line":62,"column":4},"end":{"line":64,"column":5}},"34":{"start":{"line":63,"column":6},"end":{"line":63,"column":63}},"35":{"start":{"line":65,"column":4},"end":{"line":65,"column":19}},"36":{"start":{"line":67,"column":4},"end":{"line":67,"column":48}},"37":{"start":{"line":68,"column":4},"end":{"line":68,"column":51}},"38":{"start":{"line":72,"column":0},"end":{"line":82,"column":3}},"39":{"start":{"line":73,"column":2},"end":{"line":81,"column":3}},"40":{"start":{"line":74,"column":24},"end":{"line":74,"column":32}},"41":{"start":{"line":75,"column":20},"end":{"line":75,"column":50}},"42":{"start":{"line":77,"column":4},"end":{"line":77,"column":22}},"43":{"start":{"line":79,"column":4},"end":{"line":79,"column":47}},"44":{"start":{"line":80,"column":4},"end":{"line":80,"column":51}}},"fnMap":{"0":{"name":"(anonymous_0)","decl":{"start":{"line":13,"column":16},"end":{"line":13,"column":17}},"loc":{"start":{"line":13,"column":36},"end":{"line":21,"column":1}},"line":13},"1":{"name":"(anonymous_1)","decl":{"start":{"line":23,"column":25},"end":{"line":23,"column":26}},"loc":{"start":{"line":23,"column":45},"end":{"line":32,"column":1}},"line":23},"2":{"name":"(anonymous_2)","decl":{"start":{"line":34,"column":27},"end":{"line":34,"column":28}},"loc":{"start":{"line":34,"column":47},"end":{"line":42,"column":1}},"line":34},"3":{"name":"(anonymous_3)","decl":{"start":{"line":44,"column":27},"end":{"line":44,"column":28}},"loc":{"start":{"line":44,"column":47},"end":{"line":56,"column":1}},"line":44},"4":{"name":"(anonymous_4)","decl":{"start":{"line":58,"column":34},"end":{"line":58,"column":35}},"loc":{"start":{"line":58,"column":54},"end":{"line":70,"column":1}},"line":58},"5":{"name":"(anonymous_5)","decl":{"start":{"line":72,"column":28},"end":{"line":72,"column":29}},"loc":{"start":{"line":72,"column":48},"end":{"line":82,"column":1}},"line":72}},"branchMap":{"0":{"loc":{"start":{"line":25,"column":22},"end":{"line":25,"column":56}},"type":"binary-expr","locations":[{"start":{"line":25,"column":22},"end":{"line":25,"column":51}},{"start":{"line":25,"column":55},"end":{"line":25,"column":56}}],"line":25},"1":{"loc":{"start":{"line":48,"column":4},"end":{"line":50,"column":5}},"type":"if","locations":[{"start":{"line":48,"column":4},"end":{"line":50,"column":5}},{"start":{},"end":{}}],"line":48},"2":{"loc":{"start":{"line":62,"column":4},"end":{"line":64,"column":5}},"type":"if","locations":[{"start":{"line":62,"column":4},"end":{"line":64,"column":5}},{"start":{},"end":{}}],"line":62}},"s":{"0":0,"1":0,"2":0,"3":0,"4":0,"5":0,"6":0,"7":0,"8":0,"9":0,"10":0,"11":0,"12":0,"13":0,"14":0,"15":0,"16":0,"17":0,"18":0,"19":0,"20":0,"21":0,"22":0,"23":0,"24":0,"25":0,"26":0,"27":0,"28":0,"29":0,"30":0,"31":0,"32":0,"33":0,"34":0,"35":0,"36":0,"37":0,"38":0,"39":0,"40":0,"41":0,"42":0,"43":0,"44":0},"f":{"0":0,"1":0,"2":0,"3":0,"4":0,"5":0},"b":{"0":[0,0],"1":[0,0],"2":[0,0]},"inputSourceMap":null}
,"/Users/hagenschupp/Documents/Projects/CafeOrderingSystem/backend/src/modules/inventory/service.js": {"path":"/Users/hagenschupp/Documents/Projects/CafeOrderingSystem/backend/src/modules/inventory/service.js","statementMap":{"0":{"start":{"line":5,"column":17},"end":{"line":10,"column":3}},"1":{"start":{"line":11,"column":2},"end":{"line":11,"column":21}},"2":{"start":{"line":15,"column":17},"end":{"line":23,"column":3}},"3":{"start":{"line":24,"column":2},"end":{"line":24,"column":21}},"4":{"start":{"line":28,"column":17},"end":{"line":37,"column":3}},"5":{"start":{"line":38,"column":2},"end":{"line":38,"column":21}},"6":{"start":{"line":42,"column":15},"end":{"line":42,"column":52}},"7":{"start":{"line":43,"column":2},"end":{"line":43,"column":14}},"8":{"start":{"line":47,"column":15},"end":{"line":47,"column":52}},"9":{"start":{"line":48,"column":2},"end":{"line":48,"column":14}},"10":{"start":{"line":52,"column":17},"end":{"line":52,"column":83}},"11":{"start":{"line":54,"column":2},"end":{"line":79,"column":3}},"12":{"start":{"line":55,"column":4},"end":{"line":55,"column":32}},"13":{"start":{"line":56,"column":20},"end":{"line":56,"column":22}},"14":{"start":{"line":58,"column":4},"end":{"line":70,"column":5}},"15":{"start":{"line":59,"column":21},"end":{"line":66,"column":7}},"16":{"start":{"line":67,"column":6},"end":{"line":69,"column":7}},"17":{"start":{"line":68,"column":8},"end":{"line":68,"column":37}},"18":{"start":{"line":72,"column":4},"end":{"line":72,"column":33}},"19":{"start":{"line":73,"column":4},"end":{"line":73,"column":19}},"20":{"start":{"line":75,"column":4},"end":{"line":75,"column":35}},"21":{"start":{"line":76,"column":4},"end":{"line":76,"column":16}},"22":{"start":{"line":78,"column":4},"end":{"line":78,"column":21}}},"fnMap":{"0":{"name":"getInventory","decl":{"start":{"line":4,"column":22},"end":{"line":4,"column":34}},"loc":{"start":{"line":4,"column":37},"end":{"line":12,"column":1}},"line":4},"1":{"name":"getLowStockItems","decl":{"start":{"line":14,"column":22},"end":{"line":14,"column":38}},"loc":{"start":{"line":14,"column":54},"end":{"line":25,"column":1}},"line":14},"2":{"name":"getInventoryByCategory","decl":{"start":{"line":27,"column":22},"end":{"line":27,"column":44}},"loc":{"start":{"line":27,"column":47},"end":{"line":39,"column":1}},"line":27},"3":{"name":"updateItemStock","decl":{"start":{"line":41,"column":22},"end":{"line":41,"column":37}},"loc":{"start":{"line":41,"column":58},"end":{"line":44,"column":1}},"line":41},"4":{"name":"adjustItemStock","decl":{"start":{"line":46,"column":22},"end":{"line":46,"column":37}},"loc":{"start":{"line":46,"column":58},"end":{"line":49,"column":1}},"line":46},"5":{"name":"bulkUpdateStock","decl":{"start":{"line":51,"column":22},"end":{"line":51,"column":37}},"loc":{"start":{"line":51,"column":47},"end":{"line":80,"column":1}},"line":51}},"branchMap":{"0":{"loc":{"start":{"line":14,"column":39},"end":{"line":14,"column":52}},"type":"default-arg","locations":[{"start":{"line":14,"column":51},"end":{"line":14,"column":52}}],"line":14},"1":{"loc":{"start":{"line":67,"column":6},"end":{"line":69,"column":7}},"type":"if","locations":[{"start":{"line":67,"column":6},"end":{"line":69,"column":7}},{"start":{},"end":{}}],"line":67}},"s":{"0":0,"1":0,"2":0,"3":0,"4":0,"5":0,"6":0,"7":0,"8":0,"9":0,"10":0,"11":0,"12":0,"13":0,"14":0,"15":0,"16":0,"17":0,"18":0,"19":0,"20":0,"21":0,"22":0},"f":{"0":0,"1":0,"2":0,"3":0,"4":0,"5":0},"b":{"0":[0],"1":[0,0]},"inputSourceMap":null}
,"/Users/hagenschupp/Documents/Projects/CafeOrderingSystem/backend/src/modules/kitchen/routes.js": {"path":"/Users/hagenschupp/Documents/Projects/CafeOrderingSystem/backend/src/modules/kitchen/routes.js","statementMap":{"0":{"start":{"line":10,"column":15},"end":{"line":10,"column":31}},"1":{"start":{"line":12,"column":0},"end":{"line":20,"column":3}},"2":{"start":{"line":13,"column":2},"end":{"line":19,"column":3}},"3":{"start":{"line":14,"column":19},"end":{"line":14,"column":43}},"4":{"start":{"line":15,"column":4},"end":{"line":15,"column":21}},"5":{"start":{"line":17,"column":4},"end":{"line":17,"column":54}},"6":{"start":{"line":18,"column":4},"end":{"line":18,"column":51}},"7":{"start":{"line":22,"column":0},"end":{"line":54,"column":3}},"8":{"start":{"line":23,"column":2},"end":{"line":53,"column":3}},"9":{"start":{"line":24,"column":19},"end":{"line":24,"column":43}},"10":{"start":{"line":25,"column":25},"end":{"line":25,"column":27}},"11":{"start":{"line":27,"column":4},"end":{"line":47,"column":5}},"12":{"start":{"line":28,"column":6},"end":{"line":46,"column":7}},"13":{"start":{"line":29,"column":20},"end":{"line":29,"column":66}},"14":{"start":{"line":30,"column":8},"end":{"line":37,"column":9}},"15":{"start":{"line":31,"column":10},"end":{"line":36,"column":12}},"16":{"start":{"line":38,"column":8},"end":{"line":38,"column":58}},"17":{"start":{"line":39,"column":8},"end":{"line":45,"column":11}},"18":{"start":{"line":49,"column":4},"end":{"line":49,"column":42}},"19":{"start":{"line":51,"column":4},"end":{"line":51,"column":53}},"20":{"start":{"line":52,"column":4},"end":{"line":52,"column":51}},"21":{"start":{"line":56,"column":0},"end":{"line":68,"column":3}},"22":{"start":{"line":57,"column":2},"end":{"line":67,"column":3}},"23":{"start":{"line":58,"column":18},"end":{"line":58,"column":39}},"24":{"start":{"line":59,"column":24},"end":{"line":59,"column":50}},"25":{"start":{"line":60,"column":4},"end":{"line":63,"column":7}},"26":{"start":{"line":65,"column":4},"end":{"line":65,"column":53}},"27":{"start":{"line":66,"column":4},"end":{"line":66,"column":51}},"28":{"start":{"line":70,"column":20},"end":{"line":73,"column":1}},"29":{"start":{"line":71,"column":20},"end":{"line":71,"column":85}},"30":{"start":{"line":72,"column":2},"end":{"line":72,"column":29}},"31":{"start":{"line":75,"column":0},"end":{"line":95,"column":3}},"32":{"start":{"line":76,"column":2},"end":{"line":94,"column":3}},"33":{"start":{"line":77,"column":19},"end":{"line":77,"column":29}},"34":{"start":{"line":79,"column":4},"end":{"line":81,"column":5}},"35":{"start":{"line":80,"column":6},"end":{"line":80,"column":65}},"36":{"start":{"line":83,"column":18},"end":{"line":83,"column":58}},"37":{"start":{"line":84,"column":4},"end":{"line":86,"column":5}},"38":{"start":{"line":85,"column":6},"end":{"line":85,"column":64}},"39":{"start":{"line":87,"column":4},"end":{"line":87,"column":20}},"40":{"start":{"line":89,"column":4},"end":{"line":89,"column":47}},"41":{"start":{"line":90,"column":20},"end":{"line":92,"column":31}},"42":{"start":{"line":93,"column":4},"end":{"line":93,"column":45}},"43":{"start":{"line":97,"column":0},"end":{"line":117,"column":3}},"44":{"start":{"line":98,"column":2},"end":{"line":116,"column":3}},"45":{"start":{"line":99,"column":19},"end":{"line":99,"column":29}},"46":{"start":{"line":101,"column":4},"end":{"line":103,"column":5}},"47":{"start":{"line":102,"column":6},"end":{"line":102,"column":65}},"48":{"start":{"line":105,"column":18},"end":{"line":105,"column":54}},"49":{"start":{"line":106,"column":4},"end":{"line":108,"column":5}},"50":{"start":{"line":107,"column":6},"end":{"line":107,"column":64}},"51":{"start":{"line":109,"column":4},"end":{"line":109,"column":20}},"52":{"start":{"line":111,"column":4},"end":{"line":111,"column":50}},"53":{"start":{"line":112,"column":20},"end":{"line":114,"column":34}},"54":{"start":{"line":115,"column":4},"end":{"line":115,"column":45}}},"fnMap":{"0":{"name":"(anonymous_0)","decl":{"start":{"line":12,"column":22},"end":{"line":12,"column":23}},"loc":{"start":{"line":12,"column":42},"end":{"line":20,"column":1}},"line":12},"1":{"name":"(anonymous_1)","decl":{"start":{"line":22,"column":30},"end":{"line":22,"column":31}},"loc":{"start":{"line":22,"column":50},"end":{"line":54,"column":1}},"line":22},"2":{"name":"(anonymous_2)","decl":{"start":{"line":56,"column":21},"end":{"line":56,"column":22}},"loc":{"start":{"line":56,"column":41},"end":{"line":68,"column":1}},"line":56},"3":{"name":"(anonymous_3)","decl":{"start":{"line":70,"column":20},"end":{"line":70,"column":21}},"loc":{"start":{"line":70,"column":29},"end":{"line":73,"column":1}},"line":70},"4":{"name":"(anonymous_4)","decl":{"start":{"line":75,"column":34},"end":{"line":75,"column":35}},"loc":{"start":{"line":75,"column":54},"end":{"line":95,"column":1}},"line":75},"5":{"name":"(anonymous_5)","decl":{"start":{"line":97,"column":37},"end":{"line":97,"column":38}},"loc":{"start":{"line":97,"column":57},"end":{"line":117,"column":1}},"line":97}},"branchMap":{"0":{"loc":{"start":{"line":30,"column":8},"end":{"line":37,"column":9}},"type":"if","locations":[{"start":{"line":30,"column":8},"end":{"line":37,"column":9}},{"start":{},"end":{}}],"line":30},"1":{"loc":{"start":{"line":79,"column":4},"end":{"line":81,"column":5}},"type":"if","locations":[{"start":{"line":79,"column":4},"end":{"line":81,"column":5}},{"start":{},"end":{}}],"line":79},"2":{"loc":{"start":{"line":84,"column":4},"end":{"line":86,"column":5}},"type":"if","locations":[{"start":{"line":84,"column":4},"end":{"line":86,"column":5}},{"start":{},"end":{}}],"line":84},"3":{"loc":{"start":{"line":90,"column":20},"end":{"line":92,"column":31}},"type":"cond-expr","locations":[{"start":{"line":91,"column":8},"end":{"line":91,"column":51}},{"start":{"line":92,"column":8},"end":{"line":92,"column":31}}],"line":90},"4":{"loc":{"start":{"line":101,"column":4},"end":{"line":103,"column":5}},"type":"if","locations":[{"start":{"line":101,"column":4},"end":{"line":103,"column":5}},{"start":{},"end":{}}],"line":101},"5":{"loc":{"start":{"line":106,"column":4},"end":{"line":108,"column":5}},"type":"if","locations":[{"start":{"line":106,"column":4},"end":{"line":108,"column":5}},{"start":{},"end":{}}],"line":106},"6":{"loc":{"start":{"line":112,"column":20},"end":{"line":114,"column":34}},"type":"cond-expr","locations":[{"start":{"line":113,"column":8},"end":{"line":113,"column":51}},{"start":{"line":114,"column":8},"end":{"line":114,"column":34}}],"line":112}},"s":{"0":0,"1":0,"2":0,"3":0,"4":0,"5":0,"6":0,"7":0,"8":0,"9":0,"10":0,"11":0,"12":0,"13":0,"14":0,"15":0,"16":0,"17":0,"18":0,"19":0,"20":0,"21":0,"22":0,"23":0,"24":0,"25":0,"26":0,"27":0,"28":0,"29":0,"30":0,"31":0,"32":0,"33":0,"34":0,"35":0,"36":0,"37":0,"38":0,"39":0,"40":0,"41":0,"42":0,"43":0,"44":0,"45":0,"46":0,"47":0,"48":0,"49":0,"50":0,"51":0,"52":0,"53":0,"54":0},"f":{"0":0,"1":0,"2":0,"3":0,"4":0,"5":0},"b":{"0":[0,0],"1":[0,0],"2":[0,0],"3":[0,0],"4":[0,0],"5":[0,0],"6":[0,0]},"inputSourceMap":null}
,"/Users/hagenschupp/Documents/Projects/CafeOrderingSystem/backend/src/modules/kitchen/service.js": {"path":"/Users/hagenschupp/Documents/Projects/CafeOrderingSystem/backend/src/modules/kitchen/service.js","statementMap":{"0":{"start":{"line":4,"column":17},"end":{"line":32,"column":3}},"1":{"start":{"line":33,"column":2},"end":{"line":33,"column":21}},"2":{"start":{"line":37,"column":17},"end":{"line":45,"column":3}},"3":{"start":{"line":46,"column":2},"end":{"line":46,"column":24}},"4":{"start":{"line":50,"column":17},"end":{"line":58,"column":3}},"5":{"start":{"line":59,"column":2},"end":{"line":59,"column":21}},"6":{"start":{"line":63,"column":17},"end":{"line":69,"column":3}},"7":{"start":{"line":70,"column":2},"end":{"line":70,"column":52}}},"fnMap":{"0":{"name":"getKitchenOrders","decl":{"start":{"line":3,"column":22},"end":{"line":3,"column":38}},"loc":{"start":{"line":3,"column":76},"end":{"line":34,"column":1}},"line":3},"1":{"name":"getOrderStats","decl":{"start":{"line":36,"column":22},"end":{"line":36,"column":35}},"loc":{"start":{"line":36,"column":38},"end":{"line":47,"column":1}},"line":36},"2":{"name":"getGroupedItemsForKitchen","decl":{"start":{"line":49,"column":22},"end":{"line":49,"column":47}},"loc":{"start":{"line":49,"column":50},"end":{"line":60,"column":1}},"line":49},"3":{"name":"getAveragePrepTime","decl":{"start":{"line":62,"column":22},"end":{"line":62,"column":40}},"loc":{"start":{"line":62,"column":43},"end":{"line":71,"column":1}},"line":62}},"branchMap":{"0":{"loc":{"start":{"line":3,"column":39},"end":{"line":3,"column":74}},"type":"default-arg","locations":[{"start":{"line":3,"column":50},"end":{"line":3,"column":74}}],"line":3},"1":{"loc":{"start":{"line":70,"column":9},"end":{"line":70,"column":51}},"type":"binary-expr","locations":[{"start":{"line":70,"column":9},"end":{"line":70,"column":46}},{"start":{"line":70,"column":50},"end":{"line":70,"column":51}}],"line":70}},"s":{"0":0,"1":0,"2":0,"3":0,"4":0,"5":0,"6":0,"7":0},"f":{"0":0,"1":0,"2":0,"3":0},"b":{"0":[0],"1":[0,0]},"inputSourceMap":null}
,"/Users/hagenschupp/Documents/Projects/CafeOrderingSystem/backend/src/modules/menu/routes.js": {"path":"/Users/hagenschupp/Documents/Projects/CafeOrderingSystem/backend/src/modules/menu/routes.js","statementMap":{"0":{"start":{"line":19,"column":15},"end":{"line":19,"column":31}},"1":{"start":{"line":21,"column":0},"end":{"line":29,"column":3}},"2":{"start":{"line":22,"column":2},"end":{"line":28,"column":3}},"3":{"start":{"line":23,"column":17},"end":{"line":23,"column":36}},"4":{"start":{"line":24,"column":4},"end":{"line":24,"column":19}},"5":{"start":{"line":26,"column":4},"end":{"line":26,"column":44}},"6":{"start":{"line":27,"column":4},"end":{"line":27,"column":51}},"7":{"start":{"line":31,"column":0},"end":{"line":40,"column":3}},"8":{"start":{"line":32,"column":2},"end":{"line":39,"column":3}},"9":{"start":{"line":33,"column":33},"end":{"line":33,"column":41}},"10":{"start":{"line":34,"column":21},"end":{"line":34,"column":59}},"11":{"start":{"line":35,"column":4},"end":{"line":35,"column":35}},"12":{"start":{"line":37,"column":4},"end":{"line":37,"column":51}},"13":{"start":{"line":38,"column":4},"end":{"line":38,"column":51}},"14":{"start":{"line":42,"column":0},"end":{"line":53,"column":3}},"15":{"start":{"line":43,"column":2},"end":{"line":52,"column":3}},"16":{"start":{"line":44,"column":21},"end":{"line":44,"column":66}},"17":{"start":{"line":45,"column":4},"end":{"line":47,"column":5}},"18":{"start":{"line":46,"column":6},"end":{"line":46,"column":67}},"19":{"start":{"line":48,"column":4},"end":{"line":48,"column":23}},"20":{"start":{"line":50,"column":4},"end":{"line":50,"column":51}},"21":{"start":{"line":51,"column":4},"end":{"line":51,"column":51}},"22":{"start":{"line":55,"column":0},"end":{"line":63,"column":3}},"23":{"start":{"line":56,"column":2},"end":{"line":62,"column":3}},"24":{"start":{"line":57,"column":4},"end":{"line":57,"column":40}},"25":{"start":{"line":58,"column":4},"end":{"line":58,"column":27}},"26":{"start":{"line":60,"column":4},"end":{"line":60,"column":51}},"27":{"start":{"line":61,"column":4},"end":{"line":61,"column":51}},"28":{"start":{"line":65,"column":0},"end":{"line":73,"column":3}},"29":{"start":{"line":66,"column":2},"end":{"line":72,"column":3}},"30":{"start":{"line":67,"column":17},"end":{"line":67,"column":47}},"31":{"start":{"line":68,"column":4},"end":{"line":68,"column":31}},"32":{"start":{"line":70,"column":4},"end":{"line":70,"column":47}},"33":{"start":{"line":71,"column":4},"end":{"line":71,"column":51}},"34":{"start":{"line":75,"column":0},"end":{"line":86,"column":3}},"35":{"start":{"line":76,"column":2},"end":{"line":85,"column":3}},"36":{"start":{"line":77,"column":17},"end":{"line":77,"column":62}},"37":{"start":{"line":78,"column":4},"end":{"line":80,"column":5}},"38":{"start":{"line":79,"column":6},"end":{"line":79,"column":63}},"39":{"start":{"line":81,"column":4},"end":{"line":81,"column":19}},"40":{"start":{"line":83,"column":4},"end":{"line":83,"column":47}},"41":{"start":{"line":84,"column":4},"end":{"line":84,"column":51}},"42":{"start":{"line":88,"column":0},"end":{"line":96,"column":3}},"43":{"start":{"line":89,"column":2},"end":{"line":95,"column":3}},"44":{"start":{"line":90,"column":4},"end":{"line":90,"column":40}},"45":{"start":{"line":91,"column":4},"end":{"line":91,"column":27}},"46":{"start":{"line":93,"column":4},"end":{"line":93,"column":47}},"47":{"start":{"line":94,"column":4},"end":{"line":94,"column":51}},"48":{"start":{"line":98,"column":0},"end":{"line":110,"column":3}},"49":{"start":{"line":99,"column":2},"end":{"line":109,"column":3}},"50":{"start":{"line":100,"column":29},"end":{"line":100,"column":37}},"51":{"start":{"line":101,"column":17},"end":{"line":101,"column":70}},"52":{"start":{"line":102,"column":4},"end":{"line":104,"column":5}},"53":{"start":{"line":103,"column":6},"end":{"line":103,"column":63}},"54":{"start":{"line":105,"column":4},"end":{"line":105,"column":19}},"55":{"start":{"line":107,"column":4},"end":{"line":107,"column":55}},"56":{"start":{"line":108,"column":4},"end":{"line":108,"column":51}},"57":{"start":{"line":112,"column":0},"end":{"line":128,"column":3}},"58":{"start":{"line":113,"column":2},"end":{"line":127,"column":3}},"59":{"start":{"line":114,"column":43},"end":{"line":114,"column":51}},"60":{"start":{"line":115,"column":19},"end":{"line":115,"column":71}},"61":{"start":{"line":117,"column":4},"end":{"line":121,"column":5}},"62":{"start":{"line":118,"column":6},"end":{"line":120,"column":7}},"63":{"start":{"line":119,"column":8},"end":{"line":119,"column":99}},"64":{"start":{"line":123,"column":4},"end":{"line":123,"column":33}},"65":{"start":{"line":125,"column":4},"end":{"line":125,"column":49}},"66":{"start":{"line":126,"column":4},"end":{"line":126,"column":51}},"67":{"start":{"line":130,"column":0},"end":{"line":139,"column":3}},"68":{"start":{"line":131,"column":2},"end":{"line":138,"column":3}},"69":{"start":{"line":132,"column":26},"end":{"line":132,"column":34}},"70":{"start":{"line":133,"column":4},"end":{"line":133,"column":53}},"71":{"start":{"line":134,"column":4},"end":{"line":134,"column":32}},"72":{"start":{"line":136,"column":4},"end":{"line":136,"column":54}},"73":{"start":{"line":137,"column":4},"end":{"line":137,"column":51}},"74":{"start":{"line":141,"column":0},"end":{"line":152,"column":3}},"75":{"start":{"line":142,"column":2},"end":{"line":151,"column":3}},"76":{"start":{"line":143,"column":19},"end":{"line":143,"column":62}},"77":{"start":{"line":144,"column":4},"end":{"line":146,"column":5}},"78":{"start":{"line":145,"column":6},"end":{"line":145,"column":65}},"79":{"start":{"line":147,"column":4},"end":{"line":147,"column":21}},"80":{"start":{"line":149,"column":4},"end":{"line":149,"column":49}},"81":{"start":{"line":150,"column":4},"end":{"line":150,"column":51}},"82":{"start":{"line":154,"column":0},"end":{"line":166,"column":3}},"83":{"start":{"line":155,"column":2},"end":{"line":165,"column":3}},"84":{"start":{"line":156,"column":34},"end":{"line":156,"column":42}},"85":{"start":{"line":157,"column":19},"end":{"line":157,"column":75}},"86":{"start":{"line":158,"column":4},"end":{"line":160,"column":5}},"87":{"start":{"line":159,"column":6},"end":{"line":159,"column":65}},"88":{"start":{"line":161,"column":4},"end":{"line":161,"column":21}},"89":{"start":{"line":163,"column":4},"end":{"line":163,"column":49}},"90":{"start":{"line":164,"column":4},"end":{"line":164,"column":51}},"91":{"start":{"line":168,"column":0},"end":{"line":176,"column":3}},"92":{"start":{"line":169,"column":2},"end":{"line":175,"column":3}},"93":{"start":{"line":170,"column":4},"end":{"line":170,"column":38}},"94":{"start":{"line":171,"column":4},"end":{"line":171,"column":27}},"95":{"start":{"line":173,"column":4},"end":{"line":173,"column":49}},"96":{"start":{"line":174,"column":4},"end":{"line":174,"column":51}}},"fnMap":{"0":{"name":"(anonymous_0)","decl":{"start":{"line":21,"column":16},"end":{"line":21,"column":17}},"loc":{"start":{"line":21,"column":36},"end":{"line":29,"column":1}},"line":21},"1":{"name":"(anonymous_1)","decl":{"start":{"line":31,"column":27},"end":{"line":31,"column":28}},"loc":{"start":{"line":31,"column":47},"end":{"line":40,"column":1}},"line":31},"2":{"name":"(anonymous_2)","decl":{"start":{"line":42,"column":30},"end":{"line":42,"column":31}},"loc":{"start":{"line":42,"column":50},"end":{"line":53,"column":1}},"line":42},"3":{"name":"(anonymous_3)","decl":{"start":{"line":55,"column":33},"end":{"line":55,"column":34}},"loc":{"start":{"line":55,"column":53},"end":{"line":63,"column":1}},"line":55},"4":{"name":"(anonymous_4)","decl":{"start":{"line":65,"column":22},"end":{"line":65,"column":23}},"loc":{"start":{"line":65,"column":42},"end":{"line":73,"column":1}},"line":65},"5":{"name":"(anonymous_5)","decl":{"start":{"line":75,"column":25},"end":{"line":75,"column":26}},"loc":{"start":{"line":75,"column":45},"end":{"line":86,"column":1}},"line":75},"6":{"name":"(anonymous_6)","decl":{"start":{"line":88,"column":28},"end":{"line":88,"column":29}},"loc":{"start":{"line":88,"column":48},"end":{"line":96,"column":1}},"line":88},"7":{"name":"(anonymous_7)","decl":{"start":{"line":98,"column":40},"end":{"line":98,"column":41}},"loc":{"start":{"line":98,"column":60},"end":{"line":110,"column":1}},"line":98},"8":{"name":"(anonymous_8)","decl":{"start":{"line":112,"column":34},"end":{"line":112,"column":35}},"loc":{"start":{"line":112,"column":54},"end":{"line":128,"column":1}},"line":112},"9":{"name":"(anonymous_9)","decl":{"start":{"line":130,"column":37},"end":{"line":130,"column":38}},"loc":{"start":{"line":130,"column":57},"end":{"line":139,"column":1}},"line":130},"10":{"name":"(anonymous_10)","decl":{"start":{"line":141,"column":29},"end":{"line":141,"column":30}},"loc":{"start":{"line":141,"column":49},"end":{"line":152,"column":1}},"line":141},"11":{"name":"(anonymous_11)","decl":{"start":{"line":154,"column":27},"end":{"line":154,"column":28}},"loc":{"start":{"line":154,"column":47},"end":{"line":166,"column":1}},"line":154},"12":{"name":"(anonymous_12)","decl":{"start":{"line":168,"column":30},"end":{"line":168,"column":31}},"loc":{"start":{"line":168,"column":50},"end":{"line":176,"column":1}},"line":168}},"branchMap":{"0":{"loc":{"start":{"line":45,"column":4},"end":{"line":47,"column":5}},"type":"if","locations":[{"start":{"line":45,"column":4},"end":{"line":47,"column":5}},{"start":{},"end":{}}],"line":45},"1":{"loc":{"start":{"line":78,"column":4},"end":{"line":80,"column":5}},"type":"if","locations":[{"start":{"line":78,"column":4},"end":{"line":80,"column":5}},{"start":{},"end":{}}],"line":78},"2":{"loc":{"start":{"line":102,"column":4},"end":{"line":104,"column":5}},"type":"if","locations":[{"start":{"line":102,"column":4},"end":{"line":104,"column":5}},{"start":{},"end":{}}],"line":102},"3":{"loc":{"start":{"line":117,"column":4},"end":{"line":121,"column":5}},"type":"if","locations":[{"start":{"line":117,"column":4},"end":{"line":121,"column":5}},{"start":{},"end":{}}],"line":117},"4":{"loc":{"start":{"line":117,"column":8},"end":{"line":117,"column":41}},"type":"binary-expr","locations":[{"start":{"line":117,"column":8},"end":{"line":117,"column":15}},{"start":{"line":117,"column":19},"end":{"line":117,"column":41}}],"line":117},"5":{"loc":{"start":{"line":144,"column":4},"end":{"line":146,"column":5}},"type":"if","locations":[{"start":{"line":144,"column":4},"end":{"line":146,"column":5}},{"start":{},"end":{}}],"line":144},"6":{"loc":{"start":{"line":158,"column":4},"end":{"line":160,"column":5}},"type":"if","locations":[{"start":{"line":158,"column":4},"end":{"line":160,"column":5}},{"start":{},"end":{}}],"line":158}},"s":{"0":1,"1":1,"2":1,"3":1,"4":1,"5":0,"6":0,"7":1,"8":1,"9":1,"10":1,"11":1,"12":0,"13":0,"14":1,"15":0,"16":0,"17":0,"18":0,"19":0,"20":0,"21":0,"22":1,"23":0,"24":0,"25":0,"26":0,"27":0,"28":1,"29":0,"30":0,"31":0,"32":0,"33":0,"34":1,"35":0,"36":0,"37":0,"38":0,"39":0,"40":0,"41":0,"42":1,"43":0,"44":0,"45":0,"46":0,"47":0,"48":1,"49":1,"50":1,"51":1,"52":1,"53":0,"54":1,"55":0,"56":0,"57":1,"58":1,"59":1,"60":1,"61":1,"62":1,"63":1,"64":1,"65":0,"66":0,"67":1,"68":0,"69":0,"70":0,"71":0,"72":0,"73":0,"74":1,"75":0,"76":0,"77":0,"78":0,"79":0,"80":0,"81":0,"82":1,"83":0,"84":0,"85":0,"86":0,"87":0,"88":0,"89":0,"90":0,"91":1,"92":0,"93":0,"94":0,"95":0,"96":0},"f":{"0":1,"1":1,"2":0,"3":0,"4":0,"5":0,"6":0,"7":1,"8":1,"9":0,"10":0,"11":0,"12":0},"b":{"0":[0,0],"1":[0,0],"2":[0,1],"3":[1,0],"4":[1,1],"5":[0,0],"6":[0,0]},"inputSourceMap":null,"_coverageSchema":"1a1c01bbd47fc00a2c39e90264f33305004495a9","hash":"7f826fce191818f66ff2463d2330d8b6f1f7af2c"}
,"/Users/hagenschupp/Documents/Projects/CafeOrderingSystem/backend/src/modules/menu/service.js": {"path":"/Users/hagenschupp/Documents/Projects/CafeOrderingSystem/backend/src/modules/menu/service.js","statementMap":{"0":{"start":{"line":4,"column":27},"end":{"line":6,"column":3}},"1":{"start":{"line":8,"column":21},"end":{"line":46,"column":3}},"2":{"start":{"line":10,"column":26},"end":{"line":13,"column":7}},"3":{"start":{"line":15,"column":20},"end":{"line":39,"column":7}},"4":{"start":{"line":17,"column":32},"end":{"line":30,"column":11}},"5":{"start":{"line":32,"column":10},"end":{"line":37,"column":12}},"6":{"start":{"line":41,"column":6},"end":{"line":44,"column":8}},"7":{"start":{"line":48,"column":2},"end":{"line":48,"column":20}},"8":{"start":{"line":52,"column":17},"end":{"line":55,"column":3}},"9":{"start":{"line":56,"column":2},"end":{"line":56,"column":24}},"10":{"start":{"line":60,"column":17},"end":{"line":60,"column":19}},"11":{"start":{"line":61,"column":17},"end":{"line":61,"column":19}},"12":{"start":{"line":62,"column":19},"end":{"line":62,"column":20}},"13":{"start":{"line":64,"column":2},"end":{"line":67,"column":3}},"14":{"start":{"line":65,"column":4},"end":{"line":65,"column":43}},"15":{"start":{"line":66,"column":4},"end":{"line":66,"column":30}},"16":{"start":{"line":68,"column":2},"end":{"line":71,"column":3}},"17":{"start":{"line":69,"column":4},"end":{"line":69,"column":49}},"18":{"start":{"line":70,"column":4},"end":{"line":70,"column":36}},"19":{"start":{"line":72,"column":2},"end":{"line":75,"column":3}},"20":{"start":{"line":73,"column":4},"end":{"line":73,"column":48}},"21":{"start":{"line":74,"column":4},"end":{"line":74,"column":35}},"22":{"start":{"line":77,"column":2},"end":{"line":77,"column":39}},"23":{"start":{"line":77,"column":27},"end":{"line":77,"column":39}},"24":{"start":{"line":79,"column":2},"end":{"line":79,"column":18}},"25":{"start":{"line":80,"column":17},"end":{"line":83,"column":3}},"26":{"start":{"line":84,"column":2},"end":{"line":84,"column":24}},"27":{"start":{"line":88,"column":2},"end":{"line":88,"column":60}},"28":{"start":{"line":92,"column":17},"end":{"line":103,"column":3}},"29":{"start":{"line":104,"column":2},"end":{"line":104,"column":24}},"30":{"start":{"line":108,"column":17},"end":{"line":108,"column":19}},"31":{"start":{"line":109,"column":17},"end":{"line":109,"column":19}},"32":{"start":{"line":110,"column":19},"end":{"line":110,"column":20}},"33":{"start":{"line":112,"column":24},"end":{"line":112,"column":115}},"34":{"start":{"line":114,"column":2},"end":{"line":119,"column":3}},"35":{"start":{"line":115,"column":4},"end":{"line":118,"column":5}},"36":{"start":{"line":116,"column":6},"end":{"line":116,"column":49}},"37":{"start":{"line":117,"column":6},"end":{"line":117,"column":34}},"38":{"start":{"line":121,"column":2},"end":{"line":121,"column":39}},"39":{"start":{"line":121,"column":27},"end":{"line":121,"column":39}},"40":{"start":{"line":123,"column":2},"end":{"line":123,"column":48}},"41":{"start":{"line":124,"column":2},"end":{"line":124,"column":18}},"42":{"start":{"line":126,"column":17},"end":{"line":129,"column":3}},"43":{"start":{"line":130,"column":2},"end":{"line":130,"column":24}},"44":{"start":{"line":134,"column":2},"end":{"line":134,"column":60}},"45":{"start":{"line":138,"column":17},"end":{"line":141,"column":3}},"46":{"start":{"line":142,"column":2},"end":{"line":142,"column":24}},"47":{"start":{"line":146,"column":17},"end":{"line":153,"column":3}},"48":{"start":{"line":154,"column":2},"end":{"line":154,"column":24}},"49":{"start":{"line":158,"column":17},"end":{"line":168,"column":3}},"50":{"start":{"line":169,"column":2},"end":{"line":169,"column":24}},"51":{"start":{"line":173,"column":17},"end":{"line":176,"column":3}},"52":{"start":{"line":177,"column":2},"end":{"line":177,"column":24}},"53":{"start":{"line":181,"column":17},"end":{"line":184,"column":3}},"54":{"start":{"line":185,"column":2},"end":{"line":185,"column":24}},"55":{"start":{"line":189,"column":2},"end":{"line":189,"column":69}},"56":{"start":{"line":193,"column":2},"end":{"line":193,"column":100}},"57":{"start":{"line":194,"column":2},"end":{"line":194,"column":92}},"58":{"start":{"line":198,"column":17},"end":{"line":198,"column":19}},"59":{"start":{"line":199,"column":17},"end":{"line":199,"column":19}},"60":{"start":{"line":200,"column":19},"end":{"line":200,"column":20}},"61":{"start":{"line":202,"column":2},"end":{"line":205,"column":3}},"62":{"start":{"line":203,"column":4},"end":{"line":203,"column":43}},"63":{"start":{"line":204,"column":4},"end":{"line":204,"column":30}},"64":{"start":{"line":206,"column":2},"end":{"line":209,"column":3}},"65":{"start":{"line":207,"column":4},"end":{"line":207,"column":53}},"66":{"start":{"line":208,"column":4},"end":{"line":208,"column":40}},"67":{"start":{"line":211,"column":2},"end":{"line":211,"column":39}},"68":{"start":{"line":211,"column":27},"end":{"line":211,"column":39}},"69":{"start":{"line":213,"column":2},"end":{"line":213,"column":18}},"70":{"start":{"line":214,"column":17},"end":{"line":217,"column":3}},"71":{"start":{"line":218,"column":2},"end":{"line":218,"column":24}},"72":{"start":{"line":222,"column":17},"end":{"line":222,"column":19}},"73":{"start":{"line":223,"column":17},"end":{"line":223,"column":19}},"74":{"start":{"line":224,"column":19},"end":{"line":224,"column":20}},"75":{"start":{"line":226,"column":2},"end":{"line":229,"column":3}},"76":{"start":{"line":227,"column":4},"end":{"line":227,"column":43}},"77":{"start":{"line":228,"column":4},"end":{"line":228,"column":30}},"78":{"start":{"line":230,"column":2},"end":{"line":233,"column":3}},"79":{"start":{"line":231,"column":4},"end":{"line":231,"column":50}},"80":{"start":{"line":232,"column":4},"end":{"line":232,"column":37}},"81":{"start":{"line":235,"column":2},"end":{"line":235,"column":39}},"82":{"start":{"line":235,"column":27},"end":{"line":235,"column":39}},"83":{"start":{"line":237,"column":2},"end":{"line":237,"column":18}},"84":{"start":{"line":238,"column":17},"end":{"line":241,"column":3}},"85":{"start":{"line":242,"column":2},"end":{"line":242,"column":24}},"86":{"start":{"line":246,"column":2},"end":{"line":246,"column":62}}},"fnMap":{"0":{"name":"getFullMenu","decl":{"start":{"line":3,"column":22},"end":{"line":3,"column":33}},"loc":{"start":{"line":3,"column":36},"end":{"line":49,"column":1}},"line":3},"1":{"name":"(anonymous_1)","decl":{"start":{"line":9,"column":30},"end":{"line":9,"column":31}},"loc":{"start":{"line":9,"column":50},"end":{"line":45,"column":5}},"line":9},"2":{"name":"(anonymous_2)","decl":{"start":{"line":16,"column":29},"end":{"line":16,"column":30}},"loc":{"start":{"line":16,"column":45},"end":{"line":38,"column":9}},"line":16},"3":{"name":"createCategory","decl":{"start":{"line":51,"column":22},"end":{"line":51,"column":36}},"loc":{"start":{"line":51,"column":58},"end":{"line":57,"column":1}},"line":51},"4":{"name":"updateCategory","decl":{"start":{"line":59,"column":22},"end":{"line":59,"column":36}},"loc":{"start":{"line":59,"column":50},"end":{"line":85,"column":1}},"line":59},"5":{"name":"deleteCategory","decl":{"start":{"line":87,"column":22},"end":{"line":87,"column":36}},"loc":{"start":{"line":87,"column":41},"end":{"line":89,"column":1}},"line":87},"6":{"name":"createMenuItem","decl":{"start":{"line":91,"column":22},"end":{"line":91,"column":36}},"loc":{"start":{"line":91,"column":47},"end":{"line":105,"column":1}},"line":91},"7":{"name":"updateMenuItem","decl":{"start":{"line":107,"column":22},"end":{"line":107,"column":36}},"loc":{"start":{"line":107,"column":50},"end":{"line":131,"column":1}},"line":107},"8":{"name":"deleteMenuItem","decl":{"start":{"line":133,"column":22},"end":{"line":133,"column":36}},"loc":{"start":{"line":133,"column":41},"end":{"line":135,"column":1}},"line":133},"9":{"name":"toggleAvailability","decl":{"start":{"line":137,"column":22},"end":{"line":137,"column":40}},"loc":{"start":{"line":137,"column":58},"end":{"line":143,"column":1}},"line":137},"10":{"name":"updateStock","decl":{"start":{"line":145,"column":22},"end":{"line":145,"column":33}},"loc":{"start":{"line":145,"column":50},"end":{"line":155,"column":1}},"line":145},"11":{"name":"adjustStock","decl":{"start":{"line":157,"column":22},"end":{"line":157,"column":33}},"loc":{"start":{"line":157,"column":50},"end":{"line":170,"column":1}},"line":157},"12":{"name":"createOption","decl":{"start":{"line":172,"column":22},"end":{"line":172,"column":34}},"loc":{"start":{"line":172,"column":73},"end":{"line":178,"column":1}},"line":172},"13":{"name":"createOptionChoice","decl":{"start":{"line":180,"column":22},"end":{"line":180,"column":40}},"loc":{"start":{"line":180,"column":95},"end":{"line":186,"column":1}},"line":180},"14":{"name":"deleteOptionChoice","decl":{"start":{"line":188,"column":22},"end":{"line":188,"column":40}},"loc":{"start":{"line":188,"column":45},"end":{"line":190,"column":1}},"line":188},"15":{"name":"setDefaultChoice","decl":{"start":{"line":192,"column":22},"end":{"line":192,"column":38}},"loc":{"start":{"line":192,"column":59},"end":{"line":195,"column":1}},"line":192},"16":{"name":"updateChoice","decl":{"start":{"line":197,"column":22},"end":{"line":197,"column":34}},"loc":{"start":{"line":197,"column":48},"end":{"line":219,"column":1}},"line":197},"17":{"name":"updateOption","decl":{"start":{"line":221,"column":22},"end":{"line":221,"column":34}},"loc":{"start":{"line":221,"column":48},"end":{"line":243,"column":1}},"line":221},"18":{"name":"deleteOption","decl":{"start":{"line":245,"column":22},"end":{"line":245,"column":34}},"loc":{"start":{"line":245,"column":39},"end":{"line":247,"column":1}},"line":245}},"branchMap":{"0":{"loc":{"start":{"line":35,"column":22},"end":{"line":35,"column":71}},"type":"binary-expr","locations":[{"start":{"line":35,"column":22},"end":{"line":35,"column":47}},{"start":{"line":35,"column":51},"end":{"line":35,"column":71}}],"line":35},"1":{"loc":{"start":{"line":36,"column":26},"end":{"line":36,"column":98}},"type":"binary-expr","locations":[{"start":{"line":36,"column":26},"end":{"line":36,"column":43}},{"start":{"line":36,"column":48},"end":{"line":36,"column":73}},{"start":{"line":36,"column":77},"end":{"line":36,"column":97}}],"line":36},"2":{"loc":{"start":{"line":51,"column":43},"end":{"line":51,"column":56}},"type":"default-arg","locations":[{"start":{"line":51,"column":55},"end":{"line":51,"column":56}}],"line":51},"3":{"loc":{"start":{"line":64,"column":2},"end":{"line":67,"column":3}},"type":"if","locations":[{"start":{"line":64,"column":2},"end":{"line":67,"column":3}},{"start":{},"end":{}}],"line":64},"4":{"loc":{"start":{"line":68,"column":2},"end":{"line":71,"column":3}},"type":"if","locations":[{"start":{"line":68,"column":2},"end":{"line":71,"column":3}},{"start":{},"end":{}}],"line":68},"5":{"loc":{"start":{"line":72,"column":2},"end":{"line":75,"column":3}},"type":"if","locations":[{"start":{"line":72,"column":2},"end":{"line":75,"column":3}},{"start":{},"end":{}}],"line":72},"6":{"loc":{"start":{"line":77,"column":2},"end":{"line":77,"column":39}},"type":"if","locations":[{"start":{"line":77,"column":2},"end":{"line":77,"column":39}},{"start":{},"end":{}}],"line":77},"7":{"loc":{"start":{"line":115,"column":4},"end":{"line":118,"column":5}},"type":"if","locations":[{"start":{"line":115,"column":4},"end":{"line":118,"column":5}},{"start":{},"end":{}}],"line":115},"8":{"loc":{"start":{"line":121,"column":2},"end":{"line":121,"column":39}},"type":"if","locations":[{"start":{"line":121,"column":2},"end":{"line":121,"column":39}},{"start":{},"end":{}}],"line":121},"9":{"loc":{"start":{"line":172,"column":53},"end":{"line":172,"column":71}},"type":"default-arg","locations":[{"start":{"line":172,"column":66},"end":{"line":172,"column":71}}],"line":172},"10":{"loc":{"start":{"line":180,"column":57},"end":{"line":180,"column":74}},"type":"default-arg","locations":[{"start":{"line":180,"column":73},"end":{"line":180,"column":74}}],"line":180},"11":{"loc":{"start":{"line":180,"column":76},"end":{"line":180,"column":93}},"type":"default-arg","locations":[{"start":{"line":180,"column":88},"end":{"line":180,"column":93}}],"line":180},"12":{"loc":{"start":{"line":202,"column":2},"end":{"line":205,"column":3}},"type":"if","locations":[{"start":{"line":202,"column":2},"end":{"line":205,"column":3}},{"start":{},"end":{}}],"line":202},"13":{"loc":{"start":{"line":206,"column":2},"end":{"line":209,"column":3}},"type":"if","locations":[{"start":{"line":206,"column":2},"end":{"line":209,"column":3}},{"start":{},"end":{}}],"line":206},"14":{"loc":{"start":{"line":211,"column":2},"end":{"line":211,"column":39}},"type":"if","locations":[{"start":{"line":211,"column":2},"end":{"line":211,"column":39}},{"start":{},"end":{}}],"line":211},"15":{"loc":{"start":{"line":226,"column":2},"end":{"line":229,"column":3}},"type":"if","locations":[{"start":{"line":226,"column":2},"end":{"line":229,"column":3}},{"start":{},"end":{}}],"line":226},"16":{"loc":{"start":{"line":230,"column":2},"end":{"line":233,"column":3}},"type":"if","locations":[{"start":{"line":230,"column":2},"end":{"line":233,"column":3}},{"start":{},"end":{}}],"line":230},"17":{"loc":{"start":{"line":235,"column":2},"end":{"line":235,"column":39}},"type":"if","locations":[{"start":{"line":235,"column":2},"end":{"line":235,"column":39}},{"start":{},"end":{}}],"line":235}},"s":{"0":0,"1":0,"2":0,"3":0,"4":0,"5":0,"6":0,"7":0,"8":0,"9":0,"10":0,"11":0,"12":0,"13":0,"14":0,"15":0,"16":0,"17":0,"18":0,"19":0,"20":0,"21":0,"22":0,"23":0,"24":0,"25":0,"26":0,"27":0,"28":0,"29":0,"30":0,"31":0,"32":0,"33":0,"34":0,"35":0,"36":0,"37":0,"38":0,"39":0,"40":0,"41":0,"42":0,"43":0,"44":0,"45":0,"46":0,"47":0,"48":0,"49":0,"50":0,"51":0,"52":0,"53":0,"54":0,"55":0,"56":0,"57":0,"58":0,"59":0,"60":0,"61":0,"62":0,"63":0,"64":0,"65":0,"66":0,"67":0,"68":0,"69":0,"70":0,"71":0,"72":0,"73":0,"74":0,"75":0,"76":0,"77":0,"78":0,"79":0,"80":0,"81":0,"82":0,"83":0,"84":0,"85":0,"86":0},"f":{"0":0,"1":0,"2":0,"3":0,"4":0,"5":0,"6":0,"7":0,"8":0,"9":0,"10":0,"11":0,"12":0,"13":0,"14":0,"15":0,"16":0,"17":0,"18":0},"b":{"0":[0,0],"1":[0,0,0],"2":[0],"3":[0,0],"4":[0,0],"5":[0,0],"6":[0,0],"7":[0,0],"8":[0,0],"9":[0],"10":[0],"11":[0],"12":[0,0],"13":[0,0],"14":[0,0],"15":[0,0],"16":[0,0],"17":[0,0]},"inputSourceMap":null}
,"/Users/hagenschupp/Documents/Projects/CafeOrderingSystem/backend/src/modules/orders/routes.js": {"path":"/Users/hagenschupp/Documents/Projects/CafeOrderingSystem/backend/src/modules/orders/routes.js","statementMap":{"0":{"start":{"line":12,"column":15},"end":{"line":12,"column":31}},"1":{"start":{"line":14,"column":0},"end":{"line":29,"column":3}},"2":{"start":{"line":15,"column":2},"end":{"line":28,"column":3}},"3":{"start":{"line":16,"column":31},"end":{"line":16,"column":39}},"4":{"start":{"line":18,"column":4},"end":{"line":20,"column":5}},"5":{"start":{"line":19,"column":6},"end":{"line":19,"column":85}},"6":{"start":{"line":22,"column":18},"end":{"line":22,"column":45}},"7":{"start":{"line":24,"column":4},"end":{"line":24,"column":32}},"8":{"start":{"line":26,"column":4},"end":{"line":26,"column":48}},"9":{"start":{"line":27,"column":4},"end":{"line":27,"column":51}},"10":{"start":{"line":31,"column":0},"end":{"line":44,"column":3}},"11":{"start":{"line":32,"column":2},"end":{"line":43,"column":3}},"12":{"start":{"line":33,"column":19},"end":{"line":33,"column":42}},"13":{"start":{"line":35,"column":28},"end":{"line":37,"column":5}},"14":{"start":{"line":36,"column":34},"end":{"line":36,"column":61}},"15":{"start":{"line":39,"column":4},"end":{"line":39,"column":30}},"16":{"start":{"line":41,"column":4},"end":{"line":41,"column":53}},"17":{"start":{"line":42,"column":4},"end":{"line":42,"column":51}},"18":{"start":{"line":46,"column":0},"end":{"line":54,"column":3}},"19":{"start":{"line":47,"column":2},"end":{"line":53,"column":3}},"20":{"start":{"line":48,"column":19},"end":{"line":48,"column":41}},"21":{"start":{"line":49,"column":4},"end":{"line":49,"column":21}},"22":{"start":{"line":51,"column":4},"end":{"line":51,"column":52}},"23":{"start":{"line":52,"column":4},"end":{"line":52,"column":51}},"24":{"start":{"line":56,"column":0},"end":{"line":67,"column":3}},"25":{"start":{"line":57,"column":2},"end":{"line":66,"column":3}},"26":{"start":{"line":58,"column":18},"end":{"line":58,"column":56}},"27":{"start":{"line":59,"column":4},"end":{"line":61,"column":5}},"28":{"start":{"line":60,"column":6},"end":{"line":60,"column":64}},"29":{"start":{"line":62,"column":4},"end":{"line":62,"column":20}},"30":{"start":{"line":64,"column":4},"end":{"line":64,"column":45}},"31":{"start":{"line":65,"column":4},"end":{"line":65,"column":51}},"32":{"start":{"line":69,"column":0},"end":{"line":83,"column":3}},"33":{"start":{"line":70,"column":2},"end":{"line":82,"column":3}},"34":{"start":{"line":71,"column":23},"end":{"line":71,"column":31}},"35":{"start":{"line":72,"column":18},"end":{"line":72,"column":64}},"36":{"start":{"line":74,"column":4},"end":{"line":76,"column":5}},"37":{"start":{"line":75,"column":6},"end":{"line":75,"column":64}},"38":{"start":{"line":78,"column":4},"end":{"line":78,"column":20}},"39":{"start":{"line":80,"column":4},"end":{"line":80,"column":55}},"40":{"start":{"line":81,"column":4},"end":{"line":81,"column":51}},"41":{"start":{"line":85,"column":0},"end":{"line":98,"column":3}},"42":{"start":{"line":86,"column":2},"end":{"line":97,"column":3}},"43":{"start":{"line":87,"column":18},"end":{"line":87,"column":56}},"44":{"start":{"line":89,"column":4},"end":{"line":91,"column":5}},"45":{"start":{"line":90,"column":6},"end":{"line":90,"column":64}},"46":{"start":{"line":93,"column":4},"end":{"line":93,"column":20}},"47":{"start":{"line":95,"column":4},"end":{"line":95,"column":47}},"48":{"start":{"line":96,"column":4},"end":{"line":96,"column":51}}},"fnMap":{"0":{"name":"(anonymous_0)","decl":{"start":{"line":14,"column":17},"end":{"line":14,"column":18}},"loc":{"start":{"line":14,"column":37},"end":{"line":29,"column":1}},"line":14},"1":{"name":"(anonymous_1)","decl":{"start":{"line":31,"column":22},"end":{"line":31,"column":23}},"loc":{"start":{"line":31,"column":42},"end":{"line":44,"column":1}},"line":31},"2":{"name":"(anonymous_2)","decl":{"start":{"line":36,"column":17},"end":{"line":36,"column":18}},"loc":{"start":{"line":36,"column":34},"end":{"line":36,"column":61}},"line":36},"3":{"name":"(anonymous_3)","decl":{"start":{"line":46,"column":21},"end":{"line":46,"column":22}},"loc":{"start":{"line":46,"column":41},"end":{"line":54,"column":1}},"line":46},"4":{"name":"(anonymous_4)","decl":{"start":{"line":56,"column":19},"end":{"line":56,"column":20}},"loc":{"start":{"line":56,"column":39},"end":{"line":67,"column":1}},"line":56},"5":{"name":"(anonymous_5)","decl":{"start":{"line":69,"column":28},"end":{"line":69,"column":29}},"loc":{"start":{"line":69,"column":48},"end":{"line":83,"column":1}},"line":69},"6":{"name":"(anonymous_6)","decl":{"start":{"line":85,"column":28},"end":{"line":85,"column":29}},"loc":{"start":{"line":85,"column":48},"end":{"line":98,"column":1}},"line":85}},"branchMap":{"0":{"loc":{"start":{"line":18,"column":4},"end":{"line":20,"column":5}},"type":"if","locations":[{"start":{"line":18,"column":4},"end":{"line":20,"column":5}},{"start":{},"end":{}}],"line":18},"1":{"loc":{"start":{"line":18,"column":8},"end":{"line":18,"column":36}},"type":"binary-expr","locations":[{"start":{"line":18,"column":8},"end":{"line":18,"column":14}},{"start":{"line":18,"column":18},"end":{"line":18,"column":36}}],"line":18},"2":{"loc":{"start":{"line":59,"column":4},"end":{"line":61,"column":5}},"type":"if","locations":[{"start":{"line":59,"column":4},"end":{"line":61,"column":5}},{"start":{},"end":{}}],"line":59},"3":{"loc":{"start":{"line":74,"column":4},"end":{"line":76,"column":5}},"type":"if","locations":[{"start":{"line":74,"column":4},"end":{"line":76,"column":5}},{"start":{},"end":{}}],"line":74},"4":{"loc":{"start":{"line":89,"column":4},"end":{"line":91,"column":5}},"type":"if","locations":[{"start":{"line":89,"column":4},"end":{"line":91,"column":5}},{"start":{},"end":{}}],"line":89}},"s":{"0":1,"1":1,"2":3,"3":3,"4":3,"5":0,"6":3,"7":2,"8":1,"9":1,"10":1,"11":1,"12":1,"13":1,"14":2,"15":1,"16":0,"17":0,"18":1,"19":0,"20":0,"21":0,"22":0,"23":0,"24":1,"25":0,"26":0,"27":0,"28":0,"29":0,"30":0,"31":0,"32":1,"33":2,"34":2,"35":2,"36":1,"37":0,"38":1,"39":1,"40":1,"41":1,"42":0,"43":0,"44":0,"45":0,"46":0,"47":0,"48":0},"f":{"0":3,"1":1,"2":2,"3":0,"4":0,"5":2,"6":0},"b":{"0":[0,3],"1":[3,3],"2":[0,0],"3":[0,1],"4":[0,0]},"inputSourceMap":null,"_coverageSchema":"1a1c01bbd47fc00a2c39e90264f33305004495a9","hash":"9b3f9dc180a169f6319e7e2a05542b774f370796"}
,"/Users/hagenschupp/Documents/Projects/CafeOrderingSystem/backend/src/modules/orders/service.js": {"path":"/Users/hagenschupp/Documents/Projects/CafeOrderingSystem/backend/src/modules/orders/service.js","statementMap":{"0":{"start":{"line":3,"column":21},"end":{"line":8,"column":1}},"1":{"start":{"line":11,"column":17},"end":{"line":11,"column":34}},"2":{"start":{"line":13,"column":2},"end":{"line":121,"column":3}},"3":{"start":{"line":14,"column":4},"end":{"line":14,"column":32}},"4":{"start":{"line":17,"column":27},"end":{"line":17,"column":101}},"5":{"start":{"line":18,"column":24},"end":{"line":18,"column":59}},"6":{"start":{"line":21,"column":22},"end":{"line":21,"column":23}},"7":{"start":{"line":22,"column":27},"end":{"line":22,"column":29}},"8":{"start":{"line":24,"column":4},"end":{"line":62,"column":5}},"9":{"start":{"line":25,"column":25},"end":{"line":29,"column":7}},"10":{"start":{"line":31,"column":6},"end":{"line":33,"column":7}},"11":{"start":{"line":32,"column":8},"end":{"line":32,"column":69}},"12":{"start":{"line":35,"column":23},"end":{"line":35,"column":41}},"13":{"start":{"line":37,"column":6},"end":{"line":39,"column":7}},"14":{"start":{"line":38,"column":8},"end":{"line":38,"column":69}},"15":{"start":{"line":41,"column":6},"end":{"line":43,"column":7}},"16":{"start":{"line":42,"column":8},"end":{"line":42,"column":101}},"17":{"start":{"line":46,"column":22},"end":{"line":46,"column":48}},"18":{"start":{"line":48,"column":6},"end":{"line":55,"column":7}},"19":{"start":{"line":49,"column":30},"end":{"line":53,"column":9}},"20":{"start":{"line":54,"column":8},"end":{"line":54,"column":75}},"21":{"start":{"line":57,"column":6},"end":{"line":57,"column":47}},"22":{"start":{"line":58,"column":6},"end":{"line":61,"column":9}},"23":{"start":{"line":65,"column":24},"end":{"line":69,"column":5}},"24":{"start":{"line":70,"column":18},"end":{"line":70,"column":37}},"25":{"start":{"line":73,"column":4},"end":{"line":108,"column":5}},"26":{"start":{"line":74,"column":30},"end":{"line":78,"column":7}},"27":{"start":{"line":79,"column":24},"end":{"line":79,"column":47}},"28":{"start":{"line":82,"column":6},"end":{"line":96,"column":7}},"29":{"start":{"line":83,"column":8},"end":{"line":95,"column":9}},"30":{"start":{"line":84,"column":31},"end":{"line":87,"column":11}},"31":{"start":{"line":88,"column":10},"end":{"line":94,"column":11}},"32":{"start":{"line":89,"column":12},"end":{"line":93,"column":14}},"33":{"start":{"line":99,"column":6},"end":{"line":107,"column":7}},"34":{"start":{"line":100,"column":8},"end":{"line":106,"column":10}},"35":{"start":{"line":110,"column":4},"end":{"line":110,"column":33}},"36":{"start":{"line":112,"column":4},"end":{"line":115,"column":6}},"37":{"start":{"line":117,"column":4},"end":{"line":117,"column":35}},"38":{"start":{"line":118,"column":4},"end":{"line":118,"column":16}},"39":{"start":{"line":120,"column":4},"end":{"line":120,"column":21}},"40":{"start":{"line":125,"column":17},"end":{"line":128,"column":3}},"41":{"start":{"line":129,"column":2},"end":{"line":129,"column":24}},"42":{"start":{"line":133,"column":22},"end":{"line":136,"column":3}},"43":{"start":{"line":138,"column":2},"end":{"line":138,"column":49}},"44":{"start":{"line":138,"column":37},"end":{"line":138,"column":49}},"45":{"start":{"line":140,"column":16},"end":{"line":140,"column":35}},"46":{"start":{"line":142,"column":22},"end":{"line":158,"column":3}},"47":{"start":{"line":160,"column":2},"end":{"line":163,"column":4}},"48":{"start":{"line":167,"column":17},"end":{"line":171,"column":3}},"49":{"start":{"line":172,"column":2},"end":{"line":172,"column":21}},"50":{"start":{"line":176,"column":17},"end":{"line":180,"column":3}},"51":{"start":{"line":181,"column":2},"end":{"line":181,"column":21}},"52":{"start":{"line":185,"column":24},"end":{"line":185,"column":51}},"53":{"start":{"line":186,"column":2},"end":{"line":188,"column":3}},"54":{"start":{"line":187,"column":4},"end":{"line":187,"column":52}},"55":{"start":{"line":190,"column":21},"end":{"line":190,"column":96}},"56":{"start":{"line":192,"column":17},"end":{"line":198,"column":3}},"57":{"start":{"line":200,"column":2},"end":{"line":200,"column":24}},"58":{"start":{"line":204,"column":2},"end":{"line":204,"column":60}}},"fnMap":{"0":{"name":"createOrder","decl":{"start":{"line":10,"column":22},"end":{"line":10,"column":33}},"loc":{"start":{"line":10,"column":45},"end":{"line":122,"column":1}},"line":10},"1":{"name":"getOrderById","decl":{"start":{"line":124,"column":22},"end":{"line":124,"column":34}},"loc":{"start":{"line":124,"column":44},"end":{"line":130,"column":1}},"line":124},"2":{"name":"getOrderWithItems","decl":{"start":{"line":132,"column":22},"end":{"line":132,"column":39}},"loc":{"start":{"line":132,"column":49},"end":{"line":164,"column":1}},"line":132},"3":{"name":"getActiveOrders","decl":{"start":{"line":166,"column":22},"end":{"line":166,"column":37}},"loc":{"start":{"line":166,"column":40},"end":{"line":173,"column":1}},"line":166},"4":{"name":"getReadyOrders","decl":{"start":{"line":175,"column":22},"end":{"line":175,"column":36}},"loc":{"start":{"line":175,"column":39},"end":{"line":182,"column":1}},"line":175},"5":{"name":"updateOrderStatus","decl":{"start":{"line":184,"column":22},"end":{"line":184,"column":39}},"loc":{"start":{"line":184,"column":60},"end":{"line":201,"column":1}},"line":184},"6":{"name":"markOrderPickedUp","decl":{"start":{"line":203,"column":22},"end":{"line":203,"column":39}},"loc":{"start":{"line":203,"column":49},"end":{"line":205,"column":1}},"line":203}},"branchMap":{"0":{"loc":{"start":{"line":31,"column":6},"end":{"line":33,"column":7}},"type":"if","locations":[{"start":{"line":31,"column":6},"end":{"line":33,"column":7}},{"start":{},"end":{}}],"line":31},"1":{"loc":{"start":{"line":37,"column":6},"end":{"line":39,"column":7}},"type":"if","locations":[{"start":{"line":37,"column":6},"end":{"line":39,"column":7}},{"start":{},"end":{}}],"line":37},"2":{"loc":{"start":{"line":41,"column":6},"end":{"line":43,"column":7}},"type":"if","locations":[{"start":{"line":41,"column":6},"end":{"line":43,"column":7}},{"start":{},"end":{}}],"line":41},"3":{"loc":{"start":{"line":41,"column":10},"end":{"line":41,"column":79}},"type":"binary-expr","locations":[{"start":{"line":41,"column":10},"end":{"line":41,"column":39}},{"start":{"line":41,"column":43},"end":{"line":41,"column":79}}],"line":41},"4":{"loc":{"start":{"line":48,"column":6},"end":{"line":55,"column":7}},"type":"if","locations":[{"start":{"line":48,"column":6},"end":{"line":55,"column":7}},{"start":{},"end":{}}],"line":48},"5":{"loc":{"start":{"line":48,"column":10},"end":{"line":48,"column":55}},"type":"binary-expr","locations":[{"start":{"line":48,"column":10},"end":{"line":48,"column":25}},{"start":{"line":48,"column":29},"end":{"line":48,"column":55}}],"line":48},"6":{"loc":{"start":{"line":54,"column":32},"end":{"line":54,"column":73}},"type":"binary-expr","locations":[{"start":{"line":54,"column":32},"end":{"line":54,"column":68}},{"start":{"line":54,"column":72},"end":{"line":54,"column":73}}],"line":54},"7":{"loc":{"start":{"line":68,"column":20},"end":{"line":68,"column":46}},"type":"binary-expr","locations":[{"start":{"line":68,"column":20},"end":{"line":68,"column":37}},{"start":{"line":68,"column":41},"end":{"line":68,"column":46}}],"line":68},"8":{"loc":{"start":{"line":82,"column":6},"end":{"line":96,"column":7}},"type":"if","locations":[{"start":{"line":82,"column":6},"end":{"line":96,"column":7}},{"start":{},"end":{}}],"line":82},"9":{"loc":{"start":{"line":82,"column":10},"end":{"line":82,"column":55}},"type":"binary-expr","locations":[{"start":{"line":82,"column":10},"end":{"line":82,"column":25}},{"start":{"line":82,"column":29},"end":{"line":82,"column":55}}],"line":82},"10":{"loc":{"start":{"line":88,"column":10},"end":{"line":94,"column":11}},"type":"if","locations":[{"start":{"line":88,"column":10},"end":{"line":94,"column":11}},{"start":{},"end":{}}],"line":88},"11":{"loc":{"start":{"line":99,"column":6},"end":{"line":107,"column":7}},"type":"if","locations":[{"start":{"line":99,"column":6},"end":{"line":107,"column":7}},{"start":{},"end":{}}],"line":99},"12":{"loc":{"start":{"line":138,"column":2},"end":{"line":138,"column":49}},"type":"if","locations":[{"start":{"line":138,"column":2},"end":{"line":138,"column":49}},{"start":{},"end":{}}],"line":138},"13":{"loc":{"start":{"line":186,"column":2},"end":{"line":188,"column":3}},"type":"if","locations":[{"start":{"line":186,"column":2},"end":{"line":188,"column":3}},{"start":{},"end":{}}],"line":186},"14":{"loc":{"start":{"line":190,"column":21},"end":{"line":190,"column":96}},"type":"cond-expr","locations":[{"start":{"line":190,"column":60},"end":{"line":190,"column":79}},{"start":{"line":190,"column":82},"end":{"line":190,"column":96}}],"line":190}},"s":{"0":0,"1":0,"2":0,"3":0,"4":0,"5":0,"6":0,"7":0,"8":0,"9":0,"10":0,"11":0,"12":0,"13":0,"14":0,"15":0,"16":0,"17":0,"18":0,"19":0,"20":0,"21":0,"22":0,"23":0,"24":0,"25":0,"26":0,"27":0,"28":0,"29":0,"30":0,"31":0,"32":0,"33":0,"34":0,"35":0,"36":0,"37":0,"38":0,"39":0,"40":0,"41":0,"42":0,"43":0,"44":0,"45":0,"46":0,"47":0,"48":0,"49":0,"50":0,"51":0,"52":0,"53":0,"54":0,"55":0,"56":0,"57":0,"58":0},"f":{"0":0,"1":0,"2":0,"3":0,"4":0,"5":0,"6":0},"b":{"0":[0,0],"1":[0,0],"2":[0,0],"3":[0,0],"4":[0,0],"5":[0,0],"6":[0,0],"7":[0,0],"8":[0,0],"9":[0,0],"10":[0,0],"11":[0,0],"12":[0,0],"13":[0,0],"14":[0,0]},"inputSourceMap":null}
,"/Users/hagenschupp/Documents/Projects/CafeOrderingSystem/backend/src/shared/db/index.js": {"path":"/Users/hagenschupp/Documents/Projects/CafeOrderingSystem/backend/src/shared/db/index.js","statementMap":{"0":{"start":{"line":2,"column":17},"end":{"line":2,"column":19}},"1":{"start":{"line":4,"column":13},"end":{"line":6,"column":2}},"2":{"start":{"line":9,"column":16},"end":{"line":9,"column":26}},"3":{"start":{"line":10,"column":17},"end":{"line":10,"column":47}},"4":{"start":{"line":11,"column":19},"end":{"line":11,"column":37}},"5":{"start":{"line":12,"column":2},"end":{"line":12,"column":98}},"6":{"start":{"line":13,"column":2},"end":{"line":13,"column":16}},"7":{"start":{"line":17,"column":2},"end":{"line":17,"column":24}},"8":{"start":{"line":21,"column":17},"end":{"line":108,"column":3}},"9":{"start":{"line":110,"column":2},"end":{"line":110,"column":22}}},"fnMap":{"0":{"name":"query","decl":{"start":{"line":8,"column":22},"end":{"line":8,"column":27}},"loc":{"start":{"line":8,"column":42},"end":{"line":14,"column":1}},"line":8},"1":{"name":"getClient","decl":{"start":{"line":16,"column":22},"end":{"line":16,"column":31}},"loc":{"start":{"line":16,"column":34},"end":{"line":18,"column":1}},"line":16},"2":{"name":"initDatabase","decl":{"start":{"line":20,"column":22},"end":{"line":20,"column":34}},"loc":{"start":{"line":20,"column":37},"end":{"line":111,"column":1}},"line":20}},"branchMap":{"0":{"loc":{"start":{"line":5,"column":20},"end":{"line":5,"column":105}},"type":"binary-expr","locations":[{"start":{"line":5,"column":20},"end":{"line":5,"column":44}},{"start":{"line":5,"column":48},"end":{"line":5,"column":105}}],"line":5}},"s":{"0":0,"1":0,"2":0,"3":0,"4":0,"5":0,"6":0,"7":0,"8":0,"9":0},"f":{"0":0,"1":0,"2":0},"b":{"0":[0,0]},"inputSourceMap":null}
,"/Users/hagenschupp/Documents/Projects/CafeOrderingSystem/backend/src/shared/db/seed.js": {"path":"/Users/hagenschupp/Documents/Projects/CafeOrderingSystem/backend/src/shared/db/seed.js","statementMap":{"0":{"start":{"line":4,"column":2},"end":{"line":4,"column":37}},"1":{"start":{"line":7,"column":2},"end":{"line":7,"column":48}},"2":{"start":{"line":8,"column":2},"end":{"line":8,"column":41}},"3":{"start":{"line":9,"column":2},"end":{"line":9,"column":36}},"4":{"start":{"line":10,"column":2},"end":{"line":10,"column":49}},"5":{"start":{"line":11,"column":2},"end":{"line":11,"column":42}},"6":{"start":{"line":12,"column":2},"end":{"line":12,"column":40}},"7":{"start":{"line":13,"column":2},"end":{"line":13,"column":40}},"8":{"start":{"line":16,"column":23},"end":{"line":19,"column":3}},"9":{"start":{"line":20,"column":27},"end":{"line":20,"column":50}},"10":{"start":{"line":22,"column":20},"end":{"line":25,"column":3}},"11":{"start":{"line":26,"column":24},"end":{"line":26,"column":44}},"12":{"start":{"line":28,"column":23},"end":{"line":31,"column":3}},"13":{"start":{"line":32,"column":27},"end":{"line":32,"column":50}},"14":{"start":{"line":35,"column":25},"end":{"line":39,"column":3}},"15":{"start":{"line":40,"column":21},"end":{"line":40,"column":46}},"16":{"start":{"line":42,"column":22},"end":{"line":46,"column":3}},"17":{"start":{"line":47,"column":18},"end":{"line":47,"column":40}},"18":{"start":{"line":50,"column":27},"end":{"line":54,"column":3}},"19":{"start":{"line":55,"column":23},"end":{"line":55,"column":50}},"20":{"start":{"line":57,"column":2},"end":{"line":60,"column":4}},"21":{"start":{"line":61,"column":2},"end":{"line":64,"column":4}},"22":{"start":{"line":65,"column":2},"end":{"line":68,"column":4}},"23":{"start":{"line":70,"column":23},"end":{"line":74,"column":3}},"24":{"start":{"line":76,"column":26},"end":{"line":80,"column":3}},"25":{"start":{"line":82,"column":23},"end":{"line":86,"column":3}},"26":{"start":{"line":88,"column":2},"end":{"line":88,"column":47}},"27":{"start":{"line":91,"column":0},"end":{"line":98,"column":1}},"28":{"start":{"line":92,"column":2},"end":{"line":97,"column":7}},"29":{"start":{"line":93,"column":16},"end":{"line":93,"column":31}},"30":{"start":{"line":95,"column":6},"end":{"line":95,"column":41}},"31":{"start":{"line":96,"column":6},"end":{"line":96,"column":22}}},"fnMap":{"0":{"name":"seedDatabase","decl":{"start":{"line":3,"column":22},"end":{"line":3,"column":34}},"loc":{"start":{"line":3,"column":37},"end":{"line":89,"column":1}},"line":3},"1":{"name":"(anonymous_1)","decl":{"start":{"line":93,"column":10},"end":{"line":93,"column":11}},"loc":{"start":{"line":93,"column":16},"end":{"line":93,"column":31}},"line":93},"2":{"name":"(anonymous_2)","decl":{"start":{"line":94,"column":11},"end":{"line":94,"column":12}},"loc":{"start":{"line":94,"column":20},"end":{"line":97,"column":5}},"line":94}},"branchMap":{"0":{"loc":{"start":{"line":91,"column":0},"end":{"line":98,"column":1}},"type":"if","locations":[{"start":{"line":91,"column":0},"end":{"line":98,"column":1}},{"start":{},"end":{}}],"line":91}},"s":{"0":0,"1":0,"2":0,"3":0,"4":0,"5":0,"6":0,"7":0,"8":0,"9":0,"10":0,"11":0,"12":0,"13":0,"14":0,"15":0,"16":0,"17":0,"18":0,"19":0,"20":0,"21":0,"22":0,"23":0,"24":0,"25":0,"26":0,"27":0,"28":0,"29":0,"30":0,"31":0},"f":{"0":0,"1":0,"2":0},"b":{"0":[0,0]},"inputSourceMap":null}
}
