TN:
SF:src/index.js
FN:23,(anonymous_0)
FN:29,start
FN:34,(anonymous_2)
FNF:3
FNH:0
FNDA:0,(anonymous_0)
FNDA:0,start
FNDA:0,(anonymous_2)
DA:11,0
DA:12,0
DA:14,0
DA:15,0
DA:17,0
DA:18,0
DA:19,0
DA:20,0
DA:21,0
DA:23,0
DA:24,0
DA:27,0
DA:30,0
DA:31,0
DA:32,0
DA:34,0
DA:35,0
DA:38,0
DA:39,0
DA:43,0
LF:20
LH:0
BRDA:27,0,0,0
BRDA:27,0,1,0
BRF:2
BRH:0
end_of_record
TN:
SF:src/modules/analytics/routes.js
FN:13,(anonymous_0)
FN:23,(anonymous_1)
FN:37,(anonymous_2)
FN:52,(anonymous_3)
FN:66,(anonymous_4)
FN:80,(anonymous_5)
FNF:6
FNH:0
FNDA:0,(anonymous_0)
FNDA:0,(anonymous_1)
FNDA:0,(anonymous_2)
FNDA:0,(anonymous_3)
FNDA:0,(anonymous_4)
FNDA:0,(anonymous_5)
DA:11,0
DA:13,0
DA:14,0
DA:15,0
DA:16,0
DA:18,0
DA:19,0
DA:23,0
DA:24,0
DA:25,0
DA:26,0
DA:29,0
DA:30,0
DA:32,0
DA:33,0
DA:37,0
DA:38,0
DA:39,0
DA:40,0
DA:42,0
DA:44,0
DA:45,0
DA:47,0
DA:48,0
DA:52,0
DA:53,0
DA:54,0
DA:55,0
DA:58,0
DA:59,0
DA:61,0
DA:62,0
DA:66,0
DA:67,0
DA:68,0
DA:69,0
DA:72,0
DA:73,0
DA:75,0
DA:76,0
DA:80,0
DA:81,0
DA:82,0
DA:83,0
DA:86,0
DA:87,0
DA:89,0
DA:90,0
LF:48
LH:0
BRDA:25,0,0,0
BRDA:25,0,1,0
BRDA:26,1,0,0
BRDA:26,1,1,0
BRDA:39,2,0,0
BRDA:39,2,1,0
BRDA:40,3,0,0
BRDA:40,3,1,0
BRDA:42,4,0,0
BRDA:42,4,1,0
BRDA:54,5,0,0
BRDA:54,5,1,0
BRDA:55,6,0,0
BRDA:55,6,1,0
BRDA:68,7,0,0
BRDA:68,7,1,0
BRDA:69,8,0,0
BRDA:69,8,1,0
BRDA:82,9,0,0
BRDA:82,9,1,0
BRDA:83,10,0,0
BRDA:83,10,1,0
BRF:22
BRH:0
end_of_record
TN:
SF:src/modules/analytics/service.js
FN:3,getOrderAnalytics
FN:21,getPopularItems
FN:43,getRevenueBreakdown
FN:61,getHourlyDistribution
FN:75,getChannelBreakdown
FN:89,getDashboardSummary
FNF:6
FNH:0
FNDA:0,getOrderAnalytics
FNDA:0,getPopularItems
FNDA:0,getRevenueBreakdown
FNDA:0,getHourlyDistribution
FNDA:0,getChannelBreakdown
FNDA:0,getDashboardSummary
DA:4,0
DA:18,0
DA:22,0
DA:40,0
DA:44,0
DA:58,0
DA:62,0
DA:72,0
DA:76,0
DA:86,0
DA:90,0
DA:100,0
LF:12
LH:0
BRDA:21,0,0,0
BRF:1
BRH:0
end_of_record
TN:
SF:src/modules/inventory/routes.js
FN:13,(anonymous_0)
FN:23,(anonymous_1)
FN:34,(anonymous_2)
FN:44,(anonymous_3)
FN:58,(anonymous_4)
FN:72,(anonymous_5)
FNF:6
FNH:0
FNDA:0,(anonymous_0)
FNDA:0,(anonymous_1)
FNDA:0,(anonymous_2)
FNDA:0,(anonymous_3)
FNDA:0,(anonymous_4)
FNDA:0,(anonymous_5)
DA:11,0
DA:13,0
DA:14,0
DA:15,0
DA:16,0
DA:18,0
DA:19,0
DA:23,0
DA:24,0
DA:25,0
DA:26,0
DA:27,0
DA:29,0
DA:30,0
DA:34,0
DA:35,0
DA:36,0
DA:37,0
DA:39,0
DA:40,0
DA:44,0
DA:45,0
DA:46,0
DA:47,0
DA:48,0
DA:49,0
DA:51,0
DA:53,0
DA:54,0
DA:58,0
DA:59,0
DA:60,0
DA:61,0
DA:62,0
DA:63,0
DA:65,0
DA:67,0
DA:68,0
DA:72,0
DA:73,0
DA:74,0
DA:75,0
DA:77,0
DA:79,0
DA:80,0
LF:45
LH:0
BRDA:25,0,0,0
BRDA:25,0,1,0
BRDA:48,1,0,0
BRDA:48,1,1,0
BRDA:62,2,0,0
BRDA:62,2,1,0
BRF:6
BRH:0
end_of_record
TN:
SF:src/modules/inventory/service.js
FN:4,getInventory
FN:14,getLowStockItems
FN:27,getInventoryByCategory
FN:41,updateItemStock
FN:46,adjustItemStock
FN:51,bulkUpdateStock
FNF:6
FNH:0
FNDA:0,getInventory
FNDA:0,getLowStockItems
FNDA:0,getInventoryByCategory
FNDA:0,updateItemStock
FNDA:0,adjustItemStock
FNDA:0,bulkUpdateStock
DA:5,0
DA:11,0
DA:15,0
DA:24,0
DA:28,0
DA:38,0
DA:42,0
DA:43,0
DA:47,0
DA:48,0
DA:52,0
DA:54,0
DA:55,0
DA:56,0
DA:58,0
DA:59,0
DA:67,0
DA:68,0
DA:72,0
DA:73,0
DA:75,0
DA:76,0
DA:78,0
LF:23
LH:0
BRDA:14,0,0,0
BRDA:67,1,0,0
BRDA:67,1,1,0
BRF:3
BRH:0
end_of_record
TN:
SF:src/modules/kitchen/routes.js
FN:12,(anonymous_0)
FN:22,(anonymous_1)
FN:56,(anonymous_2)
FN:70,(anonymous_3)
FN:75,(anonymous_4)
FN:97,(anonymous_5)
FNF:6
FNH:0
FNDA:0,(anonymous_0)
FNDA:0,(anonymous_1)
FNDA:0,(anonymous_2)
FNDA:0,(anonymous_3)
FNDA:0,(anonymous_4)
FNDA:0,(anonymous_5)
DA:10,0
DA:12,0
DA:13,0
DA:14,0
DA:15,0
DA:17,0
DA:18,0
DA:22,0
DA:23,0
DA:24,0
DA:25,0
DA:27,0
DA:28,0
DA:29,0
DA:30,0
DA:31,0
DA:38,0
DA:39,0
DA:49,0
DA:51,0
DA:52,0
DA:56,0
DA:57,0
DA:58,0
DA:59,0
DA:60,0
DA:65,0
DA:66,0
DA:70,0
DA:71,0
DA:72,0
DA:75,0
DA:76,0
DA:77,0
DA:79,0
DA:80,0
DA:83,0
DA:84,0
DA:85,0
DA:87,0
DA:89,0
DA:90,0
DA:93,0
DA:97,0
DA:98,0
DA:99,0
DA:101,0
DA:102,0
DA:105,0
DA:106,0
DA:107,0
DA:109,0
DA:111,0
DA:112,0
DA:115,0
LF:55
LH:0
BRDA:30,0,0,0
BRDA:30,0,1,0
BRDA:79,1,0,0
BRDA:79,1,1,0
BRDA:84,2,0,0
BRDA:84,2,1,0
BRDA:90,3,0,0
BRDA:90,3,1,0
BRDA:101,4,0,0
BRDA:101,4,1,0
BRDA:106,5,0,0
BRDA:106,5,1,0
BRDA:112,6,0,0
BRDA:112,6,1,0
BRF:14
BRH:0
end_of_record
TN:
SF:src/modules/kitchen/service.js
FN:3,getKitchenOrders
FN:36,getOrderStats
FN:49,getGroupedItemsForKitchen
FN:62,getAveragePrepTime
FNF:4
FNH:0
FNDA:0,getKitchenOrders
FNDA:0,getOrderStats
FNDA:0,getGroupedItemsForKitchen
FNDA:0,getAveragePrepTime
DA:4,0
DA:33,0
DA:37,0
DA:46,0
DA:50,0
DA:59,0
DA:63,0
DA:70,0
LF:8
LH:0
BRDA:3,0,0,0
BRDA:70,1,0,0
BRDA:70,1,1,0
BRF:3
BRH:0
end_of_record
TN:
SF:src/modules/menu/routes.js
FN:21,(anonymous_0)
FN:31,(anonymous_1)
FN:42,(anonymous_2)
FN:55,(anonymous_3)
FN:65,(anonymous_4)
FN:75,(anonymous_5)
FN:88,(anonymous_6)
FN:98,(anonymous_7)
FN:112,(anonymous_8)
FN:130,(anonymous_9)
FN:141,(anonymous_10)
FN:154,(anonymous_11)
FN:168,(anonymous_12)
FNF:13
FNH:4
FNDA:1,(anonymous_0)
FNDA:1,(anonymous_1)
FNDA:0,(anonymous_2)
FNDA:0,(anonymous_3)
FNDA:0,(anonymous_4)
FNDA:0,(anonymous_5)
FNDA:0,(anonymous_6)
FNDA:1,(anonymous_7)
FNDA:1,(anonymous_8)
FNDA:0,(anonymous_9)
FNDA:0,(anonymous_10)
FNDA:0,(anonymous_11)
FNDA:0,(anonymous_12)
DA:19,1
DA:21,1
DA:22,1
DA:23,1
DA:24,1
DA:26,0
DA:27,0
DA:31,1
DA:32,1
DA:33,1
DA:34,1
DA:35,1
DA:37,0
DA:38,0
DA:42,1
DA:43,0
DA:44,0
DA:45,0
DA:46,0
DA:48,0
DA:50,0
DA:51,0
DA:55,1
DA:56,0
DA:57,0
DA:58,0
DA:60,0
DA:61,0
DA:65,1
DA:66,0
DA:67,0
DA:68,0
DA:70,0
DA:71,0
DA:75,1
DA:76,0
DA:77,0
DA:78,0
DA:79,0
DA:81,0
DA:83,0
DA:84,0
DA:88,1
DA:89,0
DA:90,0
DA:91,0
DA:93,0
DA:94,0
DA:98,1
DA:99,1
DA:100,1
DA:101,1
DA:102,1
DA:103,0
DA:105,1
DA:107,0
DA:108,0
DA:112,1
DA:113,1
DA:114,1
DA:115,1
DA:117,1
DA:118,1
DA:119,1
DA:123,1
DA:125,0
DA:126,0
DA:130,1
DA:131,0
DA:132,0
DA:133,0
DA:134,0
DA:136,0
DA:137,0
DA:141,1
DA:142,0
DA:143,0
DA:144,0
DA:145,0
DA:147,0
DA:149,0
DA:150,0
DA:154,1
DA:155,0
DA:156,0
DA:157,0
DA:158,0
DA:159,0
DA:161,0
DA:163,0
DA:164,0
DA:168,1
DA:169,0
DA:170,0
DA:171,0
DA:173,0
DA:174,0
LF:97
LH:33
BRDA:45,0,0,0
BRDA:45,0,1,0
BRDA:78,1,0,0
BRDA:78,1,1,0
BRDA:102,2,0,0
BRDA:102,2,1,1
BRDA:117,3,0,1
BRDA:117,3,1,0
BRDA:117,4,0,1
BRDA:117,4,1,1
BRDA:144,5,0,0
BRDA:144,5,1,0
BRDA:158,6,0,0
BRDA:158,6,1,0
BRF:14
BRH:4
end_of_record
TN:
SF:src/modules/menu/service.js
FN:3,getFullMenu
FN:9,(anonymous_1)
FN:16,(anonymous_2)
FN:51,createCategory
FN:59,updateCategory
FN:87,deleteCategory
FN:91,createMenuItem
FN:107,updateMenuItem
FN:133,deleteMenuItem
FN:137,toggleAvailability
FN:145,updateStock
FN:157,adjustStock
FN:172,createOption
FN:180,createOptionChoice
FN:188,deleteOptionChoice
FN:192,setDefaultChoice
FN:197,updateChoice
FN:221,updateOption
FN:245,deleteOption
FNF:19
FNH:0
FNDA:0,getFullMenu
FNDA:0,(anonymous_1)
FNDA:0,(anonymous_2)
FNDA:0,createCategory
FNDA:0,updateCategory
FNDA:0,deleteCategory
FNDA:0,createMenuItem
FNDA:0,updateMenuItem
FNDA:0,deleteMenuItem
FNDA:0,toggleAvailability
FNDA:0,updateStock
FNDA:0,adjustStock
FNDA:0,createOption
FNDA:0,createOptionChoice
FNDA:0,deleteOptionChoice
FNDA:0,setDefaultChoice
FNDA:0,updateChoice
FNDA:0,updateOption
FNDA:0,deleteOption
DA:4,0
DA:8,0
DA:10,0
DA:15,0
DA:17,0
DA:32,0
DA:41,0
DA:48,0
DA:52,0
DA:56,0
DA:60,0
DA:61,0
DA:62,0
DA:64,0
DA:65,0
DA:66,0
DA:68,0
DA:69,0
DA:70,0
DA:72,0
DA:73,0
DA:74,0
DA:77,0
DA:79,0
DA:80,0
DA:84,0
DA:88,0
DA:92,0
DA:104,0
DA:108,0
DA:109,0
DA:110,0
DA:112,0
DA:114,0
DA:115,0
DA:116,0
DA:117,0
DA:121,0
DA:123,0
DA:124,0
DA:126,0
DA:130,0
DA:134,0
DA:138,0
DA:142,0
DA:146,0
DA:154,0
DA:158,0
DA:169,0
DA:173,0
DA:177,0
DA:181,0
DA:185,0
DA:189,0
DA:193,0
DA:194,0
DA:198,0
DA:199,0
DA:200,0
DA:202,0
DA:203,0
DA:204,0
DA:206,0
DA:207,0
DA:208,0
DA:211,0
DA:213,0
DA:214,0
DA:218,0
DA:222,0
DA:223,0
DA:224,0
DA:226,0
DA:227,0
DA:228,0
DA:230,0
DA:231,0
DA:232,0
DA:235,0
DA:237,0
DA:238,0
DA:242,0
DA:246,0
LF:83
LH:0
BRDA:35,0,0,0
BRDA:35,0,1,0
BRDA:36,1,0,0
BRDA:36,1,1,0
BRDA:36,1,2,0
BRDA:51,2,0,0
BRDA:64,3,0,0
BRDA:64,3,1,0
BRDA:68,4,0,0
BRDA:68,4,1,0
BRDA:72,5,0,0
BRDA:72,5,1,0
BRDA:77,6,0,0
BRDA:77,6,1,0
BRDA:115,7,0,0
BRDA:115,7,1,0
BRDA:121,8,0,0
BRDA:121,8,1,0
BRDA:172,9,0,0
BRDA:180,10,0,0
BRDA:180,11,0,0
BRDA:202,12,0,0
BRDA:202,12,1,0
BRDA:206,13,0,0
BRDA:206,13,1,0
BRDA:211,14,0,0
BRDA:211,14,1,0
BRDA:226,15,0,0
BRDA:226,15,1,0
BRDA:230,16,0,0
BRDA:230,16,1,0
BRDA:235,17,0,0
BRDA:235,17,1,0
BRF:33
BRH:0
end_of_record
TN:
SF:src/modules/orders/routes.js
FN:14,(anonymous_0)
FN:31,(anonymous_1)
FN:36,(anonymous_2)
FN:46,(anonymous_3)
FN:56,(anonymous_4)
FN:69,(anonymous_5)
FN:85,(anonymous_6)
FNF:7
FNH:4
FNDA:3,(anonymous_0)
FNDA:1,(anonymous_1)
FNDA:2,(anonymous_2)
FNDA:0,(anonymous_3)
FNDA:0,(anonymous_4)
FNDA:2,(anonymous_5)
FNDA:0,(anonymous_6)
DA:12,1
DA:14,1
DA:15,3
DA:16,3
DA:18,3
DA:19,0
DA:22,3
DA:24,2
DA:26,1
DA:27,1
DA:31,1
DA:32,1
DA:33,1
DA:35,1
DA:36,2
DA:39,1
DA:41,0
DA:42,0
DA:46,1
DA:47,0
DA:48,0
DA:49,0
DA:51,0
DA:52,0
DA:56,1
DA:57,0
DA:58,0
DA:59,0
DA:60,0
DA:62,0
DA:64,0
DA:65,0
DA:69,1
DA:70,2
DA:71,2
DA:72,2
DA:74,1
DA:75,0
DA:78,1
DA:80,1
DA:81,1
DA:85,1
DA:86,0
DA:87,0
DA:89,0
DA:90,0
DA:93,0
DA:95,0
DA:96,0
LF:49
LH:26
BRDA:18,0,0,0
BRDA:18,0,1,3
BRDA:18,1,0,3
BRDA:18,1,1,3
BRDA:59,2,0,0
BRDA:59,2,1,0
BRDA:74,3,0,0
BRDA:74,3,1,1
BRDA:89,4,0,0
BRDA:89,4,1,0
BRF:10
BRH:4
end_of_record
TN:
SF:src/modules/orders/service.js
FN:10,createOrder
FN:124,getOrderById
FN:132,getOrderWithItems
FN:166,getActiveOrders
FN:175,getReadyOrders
FN:184,updateOrderStatus
FN:203,markOrderPickedUp
FNF:7
FNH:0
FNDA:0,createOrder
FNDA:0,getOrderById
FNDA:0,getOrderWithItems
FNDA:0,getActiveOrders
FNDA:0,getReadyOrders
FNDA:0,updateOrderStatus
FNDA:0,markOrderPickedUp
DA:3,0
DA:11,0
DA:13,0
DA:14,0
DA:17,0
DA:18,0
DA:21,0
DA:22,0
DA:24,0
DA:25,0
DA:31,0
DA:32,0
DA:35,0
DA:37,0
DA:38,0
DA:41,0
DA:42,0
DA:46,0
DA:48,0
DA:49,0
DA:54,0
DA:57,0
DA:58,0
DA:65,0
DA:70,0
DA:73,0
DA:74,0
DA:79,0
DA:82,0
DA:83,0
DA:84,0
DA:88,0
DA:89,0
DA:99,0
DA:100,0
DA:110,0
DA:112,0
DA:117,0
DA:118,0
DA:120,0
DA:125,0
DA:129,0
DA:133,0
DA:138,0
DA:140,0
DA:142,0
DA:160,0
DA:167,0
DA:172,0
DA:176,0
DA:181,0
DA:185,0
DA:186,0
DA:187,0
DA:190,0
DA:192,0
DA:200,0
DA:204,0
LF:58
LH:0
BRDA:31,0,0,0
BRDA:31,0,1,0
BRDA:37,1,0,0
BRDA:37,1,1,0
BRDA:41,2,0,0
BRDA:41,2,1,0
BRDA:41,3,0,0
BRDA:41,3,1,0
BRDA:48,4,0,0
BRDA:48,4,1,0
BRDA:48,5,0,0
BRDA:48,5,1,0
BRDA:54,6,0,0
BRDA:54,6,1,0
BRDA:68,7,0,0
BRDA:68,7,1,0
BRDA:82,8,0,0
BRDA:82,8,1,0
BRDA:82,9,0,0
BRDA:82,9,1,0
BRDA:88,10,0,0
BRDA:88,10,1,0
BRDA:99,11,0,0
BRDA:99,11,1,0
BRDA:138,12,0,0
BRDA:138,12,1,0
BRDA:186,13,0,0
BRDA:186,13,1,0
BRDA:190,14,0,0
BRDA:190,14,1,0
BRF:30
BRH:0
end_of_record
TN:
SF:src/shared/db/index.js
FN:8,query
FN:16,getClient
FN:20,initDatabase
FNF:3
FNH:0
FNDA:0,query
FNDA:0,getClient
FNDA:0,initDatabase
DA:2,0
DA:4,0
DA:9,0
DA:10,0
DA:11,0
DA:12,0
DA:13,0
DA:17,0
DA:21,0
DA:110,0
LF:10
LH:0
BRDA:5,0,0,0
BRDA:5,0,1,0
BRF:2
BRH:0
end_of_record
TN:
SF:src/shared/db/seed.js
FN:3,seedDatabase
FN:93,(anonymous_1)
FN:94,(anonymous_2)
FNF:3
FNH:0
FNDA:0,seedDatabase
FNDA:0,(anonymous_1)
FNDA:0,(anonymous_2)
DA:4,0
DA:7,0
DA:8,0
DA:9,0
DA:10,0
DA:11,0
DA:12,0
DA:13,0
DA:16,0
DA:20,0
DA:22,0
DA:26,0
DA:28,0
DA:32,0
DA:35,0
DA:40,0
DA:42,0
DA:47,0
DA:50,0
DA:55,0
DA:57,0
DA:61,0
DA:65,0
DA:70,0
DA:76,0
DA:82,0
DA:88,0
DA:91,0
DA:92,0
DA:93,0
DA:95,0
DA:96,0
LF:32
LH:0
BRDA:91,0,0,0
BRDA:91,0,1,0
BRF:2
BRH:0
end_of_record
